[    0.000000] Initializing cgroup subsys cpuset
[    0.000000] Initializing cgroup subsys cpu
[    0.000000] Initializing cgroup subsys cpuacct
[    0.000000] Linux version 4.4.0-81-generic (buildd@lgw01-02) (gcc version 5.4.0 20160609 (Ubuntu 5.4.0-6ubuntu1~16.04.4) ) #104-Ubuntu SMP Wed Jun 14 08:17:06 UTC 2017 (Ubuntu 4.4.0-81.104-generic 4.4.67)
[    0.000000] Command line: BOOT_IMAGE=/boot/vmlinuz-4.4.0-81-generic root=LABEL=cloudimg-rootfs ro console=tty1 console=ttyS0
[    0.000000] KERNEL supported cpus:
[    0.000000]   Intel GenuineIntel
[    0.000000]   AMD AuthenticAMD
[    0.000000]   Centaur CentaurHauls
[    0.000000] x86/fpu: xstate_offset[2]:  576, xstate_sizes[2]:  256
[    0.000000] x86/fpu: Supporting XSAVE feature 0x01: 'x87 floating point registers'
[    0.000000] x86/fpu: Supporting XSAVE feature 0x02: 'SSE registers'
[    0.000000] x86/fpu: Supporting XSAVE feature 0x04: 'AVX registers'
[    0.000000] x86/fpu: Enabled xstate features 0x7, context size is 832 bytes, using 'standard' format.
[    0.000000] x86/fpu: Using 'lazy' FPU context switches.
[    0.000000] e820: BIOS-provided physical RAM map:
[    0.000000] BIOS-e820: [mem 0x0000000000000000-0x000000000009fbff] usable
[    0.000000] BIOS-e820: [mem 0x000000000009fc00-0x000000000009ffff] reserved
[    0.000000] BIOS-e820: [mem 0x00000000000f0000-0x00000000000fffff] reserved
[    0.000000] BIOS-e820: [mem 0x0000000000100000-0x000000003ffeffff] usable
[    0.000000] BIOS-e820: [mem 0x000000003fff0000-0x000000003fffffff] ACPI data
[    0.000000] BIOS-e820: [mem 0x00000000fec00000-0x00000000fec00fff] reserved
[    0.000000] BIOS-e820: [mem 0x00000000fee00000-0x00000000fee00fff] reserved
[    0.000000] BIOS-e820: [mem 0x00000000fffc0000-0x00000000ffffffff] reserved
[    0.000000] NX (Execute Disable) protection: active
[    0.000000] SMBIOS 2.5 present.
[    0.000000] Hypervisor detected: KVM
[    0.000000] e820: last_pfn = 0x3fff0 max_arch_pfn = 0x400000000
[    0.000000] MTRR: Disabled
[    0.000000] x86/PAT: MTRRs disabled, skipping PAT initialization too.
[    0.000000] x86/PAT: Configuration [0-7]: WB  WT  UC- UC  WB  WT  UC- UC  
[    0.000000] CPU MTRRs all blank - virtualized system.
[    0.000000] found SMP MP-table at [mem 0x0009fff0-0x0009ffff] mapped at [ffff88000009fff0]
[    0.000000] Scanning 1 areas for low memory corruption
[    0.000000] RAMDISK: [mem 0x36ac6000-0x3755afff]
[    0.000000] ACPI: Early table checksum verification disabled
[    0.000000] ACPI: RSDP 0x00000000000E0000 000024 (v02 VBOX  )
[    0.000000] ACPI: XSDT 0x000000003FFF0030 00003C (v01 VBOX   VBOXXSDT 00000001 ASL  00000061)
[    0.000000] ACPI: FACP 0x000000003FFF00F0 0000F4 (v04 VBOX   VBOXFACP 00000001 ASL  00000061)
[    0.000000] ACPI: DSDT 0x000000003FFF0470 0021C8 (v02 VBOX   VBOXBIOS 00000002 INTL 20160831)
[    0.000000] ACPI: FACS 0x000000003FFF0200 000040
[    0.000000] ACPI: FACS 0x000000003FFF0200 000040
[    0.000000] ACPI: APIC 0x000000003FFF0240 00005C (v02 VBOX   VBOXAPIC 00000001 ASL  00000061)
[    0.000000] ACPI: SSDT 0x000000003FFF02A0 0001CC (v01 VBOX   VBOXCPUT 00000002 INTL 20160831)
[    0.000000] No NUMA configuration found
[    0.000000] Faking a node at [mem 0x0000000000000000-0x000000003ffeffff]
[    0.000000] NODE_DATA(0) allocated [mem 0x3ffeb000-0x3ffeffff]
[    0.000000] kvm-clock: Using msrs 4b564d01 and 4b564d00
[    0.000000] kvm-clock: cpu 0, msr 0:3ffe3001, primary cpu clock
[    0.000000] kvm-clock: using sched offset of 3955370068 cycles
[    0.000000] clocksource: kvm-clock: mask: 0xffffffffffffffff max_cycles: 0x1cd42e4dffb, max_idle_ns: 881590591483 ns
[    0.000000] Zone ranges:
[    0.000000]   DMA      [mem 0x0000000000001000-0x0000000000ffffff]
[    0.000000]   DMA32    [mem 0x0000000001000000-0x000000003ffeffff]
[    0.000000]   Normal   empty
[    0.000000]   Device   empty
[    0.000000] Movable zone start for each node
[    0.000000] Early memory node ranges
[    0.000000]   node   0: [mem 0x0000000000001000-0x000000000009efff]
[    0.000000]   node   0: [mem 0x0000000000100000-0x000000003ffeffff]
[    0.000000] Initmem setup node 0 [mem 0x0000000000001000-0x000000003ffeffff]
[    0.000000] ACPI: PM-Timer IO Port: 0x4008
[    0.000000] IOAPIC[0]: apic_id 2, version 32, address 0xfec00000, GSI 0-23
[    0.000000] ACPI: INT_SRC_OVR (bus 0 bus_irq 0 global_irq 2 dfl dfl)
[    0.000000] ACPI: INT_SRC_OVR (bus 0 bus_irq 9 global_irq 9 high level)
[    0.000000] Using ACPI (MADT) for SMP configuration information
[    0.000000] smpboot: Allowing 2 CPUs, 0 hotplug CPUs
[    0.000000] PM: Registered nosave memory: [mem 0x00000000-0x00000fff]
[    0.000000] PM: Registered nosave memory: [mem 0x0009f000-0x0009ffff]
[    0.000000] PM: Registered nosave memory: [mem 0x000a0000-0x000effff]
[    0.000000] PM: Registered nosave memory: [mem 0x000f0000-0x000fffff]
[    0.000000] e820: [mem 0x40000000-0xfebfffff] available for PCI devices
[    0.000000] Booting paravirtualized kernel on KVM
[    0.000000] clocksource: refined-jiffies: mask: 0xffffffff max_cycles: 0xffffffff, max_idle_ns: 7645519600211568 ns
[    0.000000] setup_percpu: NR_CPUS:512 nr_cpumask_bits:512 nr_cpu_ids:2 nr_node_ids:1
[    0.000000] PERCPU: Embedded 33 pages/cpu @ffff88003fc00000 s98264 r8192 d28712 u1048576
[    0.000000] PV qspinlock hash table entries: 256 (order: 0, 4096 bytes)
[    0.000000] Built 1 zonelists in Node order, mobility grouping on.  Total pages: 257913
[    0.000000] Policy zone: DMA32
[    0.000000] Kernel command line: BOOT_IMAGE=/boot/vmlinuz-4.4.0-81-generic root=LABEL=cloudimg-rootfs ro console=tty1 console=ttyS0
[    0.000000] PID hash table entries: 4096 (order: 3, 32768 bytes)
[    0.000000] Memory: 1001744K/1048120K available (8469K kernel code, 1294K rwdata, 3984K rodata, 1484K init, 1316K bss, 46376K reserved, 0K cma-reserved)
[    0.000000] SLUB: HWalign=64, Order=0-3, MinObjects=0, CPUs=2, Nodes=1
[    0.000000] Hierarchical RCU implementation.
[    0.000000] 	Build-time adjustment of leaf fanout to 64.
[    0.000000] 	RCU restricting CPUs from NR_CPUS=512 to nr_cpu_ids=2.
[    0.000000] RCU: Adjusting geometry for rcu_fanout_leaf=64, nr_cpu_ids=2
[    0.000000] NR_IRQS:33024 nr_irqs:440 16
[    0.000000] Console: colour VGA+ 80x25
[    0.000000] console [tty1] enabled
[    0.000000] console [ttyS0] enabled
[    0.000000] tsc: Detected 2394.558 MHz processor
[    1.043470] Calibrating delay loop (skipped) preset value.. 4789.11 BogoMIPS (lpj=9578232)
[    1.047172] pid_max: default: 32768 minimum: 301
[    1.049114] ACPI: Core revision 20150930
[    1.053332] ACPI: 2 ACPI AML tables successfully acquired and loaded
[    1.056135] Security Framework initialized
[    1.057958] Yama: becoming mindful.
[    1.059671] AppArmor: AppArmor initialized
[    1.061674] Dentry cache hash table entries: 131072 (order: 8, 1048576 bytes)
[    1.064924] Inode-cache hash table entries: 65536 (order: 7, 524288 bytes)
[    1.068904] Mount-cache hash table entries: 2048 (order: 2, 16384 bytes)
[    1.088111] Mountpoint-cache hash table entries: 2048 (order: 2, 16384 bytes)
[    1.091243] Initializing cgroup subsys io
[    1.093089] Initializing cgroup subsys memory
[    1.094966] Initializing cgroup subsys devices
[    1.096880] Initializing cgroup subsys freezer
[    1.098776] Initializing cgroup subsys net_cls
[    1.100660] Initializing cgroup subsys perf_event
[    1.102719] Initializing cgroup subsys net_prio
[    1.104634] Initializing cgroup subsys hugetlb
[    1.106589] Initializing cgroup subsys pids
[    1.108648] CPU: Physical Processor ID: 0
[    1.110526] CPU: Processor Core ID: 0
[    1.112988] mce: CPU supports 0 MCE banks
[    1.114808] Last level iTLB entries: 4KB 512, 2MB 8, 4MB 8
[    1.117012] Last level dTLB entries: 4KB 512, 2MB 32, 4MB 32, 1GB 0
[    1.124450] Freeing SMP alternatives memory: 32K (ffffffff820b8000 - ffffffff820c0000)
[    1.149106] ftrace: allocating 32129 entries in 126 pages
[    1.284440] smpboot: APIC(0) Converting physical 0 to logical package 0
[    1.292443] smpboot: Max logical packages: 1
[    1.298377] x2apic enabled
[    1.315376] Switched APIC routing to physical x2apic.
[    1.320094] ..TIMER: vector=0x30 apic1=0 pin1=2 apic2=-1 pin2=-1
[    1.449027] smpboot: CPU0: Intel(R) Core(TM) i7-3630QM CPU @ 2.40GHz (family: 0x6, model: 0x3a, stepping: 0x9)
[    1.462486] Performance Events: unsupported p6 CPU model 58 no PMU driver, software events only.
[    1.466446] KVM setup paravirtual spinlock
[    1.469917] x86: Booting SMP configuration:
[    1.471813] .... node  #0, CPUs:      #1
[    1.473769] kvm-clock: cpu 1, msr 0:3ffe3041, secondary cpu clock
[    1.477150] mce: CPU supports 0 MCE banks
[    1.480672] x86: Booted up 1 node, 2 CPUs
[    1.487996] smpboot: Total of 2 processors activated (9578.23 BogoMIPS)
[    1.500427] devtmpfs: initialized
[    1.523484] evm: security.selinux
[    1.525074] evm: security.SMACK64
[    1.526665] evm: security.SMACK64EXEC
[    1.528372] evm: security.SMACK64TRANSMUTE
[    1.530172] evm: security.SMACK64MMAP
[    1.531908] evm: security.ima
[    1.533401] evm: security.capability
[    1.535432] clocksource: jiffies: mask: 0xffffffff max_cycles: 0xffffffff, max_idle_ns: 7645041785100000 ns
[    1.551299] futex hash table entries: 512 (order: 3, 32768 bytes)
[    1.553935] pinctrl core: initialized pinctrl subsystem
[    1.556381] RTC time:  4:21:49, date: 06/21/17
[    1.559650] NET: Registered protocol family 16
[    1.633407] cpuidle: using governor ladder
[    1.653539] cpuidle: using governor menu
[    1.677702] PCCT header not found.
[    1.695515] ACPI: bus type PCI registered
[    1.697253] acpiphp: ACPI Hot Plug PCI Controller Driver version: 0.5
[    1.699998] PCI: Using configuration type 1 for base access
[    1.714789] ACPI: Added _OSI(Module Device)
[    1.733900] ACPI: Added _OSI(Processor Device)
[    1.735791] ACPI: Added _OSI(3.0 _SCP Extensions)
[    1.737727] ACPI: Added _OSI(Processor Aggregator Device)
[    1.742798] ACPI: Executed 1 blocks of module-level executable AML code
[    1.750132] ACPI: Interpreter enabled
[    1.754453] ACPI: (supports S0 S5)
[    1.756026] ACPI: Using IOAPIC for interrupt routing
[    1.758420] PCI: Using host bridge windows from ACPI; if necessary, use "pci=nocrs" and report a bug
[    1.833725] ACPI: PCI Root Bridge [PCI0] (domain 0000 [bus 00-ff])
[    1.837212] acpi PNP0A03:00: _OSC: OS supports [ASPM ClockPM Segments MSI]
[    1.844299] acpi PNP0A03:00: _OSC failed (AE_NOT_FOUND); disabling ASPM
[    1.846832] acpi PNP0A03:00: fail to add MMCONFIG information, can't access extended PCI configuration space under this bridge.
[    1.851801] PCI host bridge to bus 0000:00
[    1.853579] pci_bus 0000:00: root bus resource [io  0x0000-0x0cf7 window]
[    1.856111] pci_bus 0000:00: root bus resource [io  0x0d00-0xffff window]
[    1.858708] pci_bus 0000:00: root bus resource [mem 0x000a0000-0x000bffff window]
[    1.861889] pci_bus 0000:00: root bus resource [mem 0x40000000-0xffdfffff window]
[    1.891375] pci_bus 0000:00: root bus resource [bus 00-ff]
[    1.898438] pci 0000:00:01.1: legacy IDE quirk: reg 0x10: [io  0x01f0-0x01f7]
[    1.953186] pci 0000:00:01.1: legacy IDE quirk: reg 0x14: [io  0x03f6]
[    1.970467] pci 0000:00:01.1: legacy IDE quirk: reg 0x18: [io  0x0170-0x0177]
[    1.974255] pci 0000:00:01.1: legacy IDE quirk: reg 0x1c: [io  0x0376]
[    2.011598] pci 0000:00:07.0: quirk: [io  0x4000-0x403f] claimed by PIIX4 ACPI
[    2.215904] pci 0000:00:07.0: quirk: [io  0x4100-0x410f] claimed by PIIX4 SMB
[    2.439193] ACPI: PCI Interrupt Link [LNKA] (IRQs 5 9 10 *11)
[    2.606526] ACPI: PCI Interrupt Link [LNKB] (IRQs 5 9 10 *11)
[    2.630162] ACPI: PCI Interrupt Link [LNKC] (IRQs 5 9 *10 11)
[    2.654521] ACPI: PCI Interrupt Link [LNKD] (IRQs 5 *9 10 11)
[    2.669040] ACPI: Enabled 2 GPEs in block 00 to 07
[    2.743803] vgaarb: setting as boot device: PCI:0000:00:02.0
[    2.908250] vgaarb: device added: PCI:0000:00:02.0,decodes=io+mem,owns=io+mem,locks=none
[    3.081082] vgaarb: loaded
[    3.083610] vgaarb: bridge control possible 0000:00:02.0
[    3.100958] SCSI subsystem initialized
[    3.103570] ACPI: bus type USB registered
[    3.115063] usbcore: registered new interface driver usbfs
[    3.117739] usbcore: registered new interface driver hub
[    3.120399] usbcore: registered new device driver usb
[    3.134326] PCI: Using ACPI for IRQ routing
[    3.137356] NetLabel: Initializing
[    3.186261] NetLabel:  domain hash size = 128
[    3.302601] NetLabel:  protocols = UNLABELED CIPSOv4
[    3.451246] NetLabel:  unlabeled traffic allowed by default
[    3.613523] amd_nb: Cannot enumerate AMD northbridges
[    3.754164] clocksource: Switched to clocksource kvm-clock
[    3.888176] AppArmor: AppArmor Filesystem Enabled
[    3.892267] pnp: PnP ACPI init
[    3.895553] pnp: PnP ACPI: found 3 devices
[    3.913971] clocksource: acpi_pm: mask: 0xffffff max_cycles: 0xffffff, max_idle_ns: 2085701024 ns
[    3.918783] NET: Registered protocol family 2
[    3.920928] TCP established hash table entries: 8192 (order: 4, 65536 bytes)
[    3.928234] TCP bind hash table entries: 8192 (order: 5, 131072 bytes)
[    3.930705] TCP: Hash tables configured (established 8192 bind 8192)
[    3.934133] UDP hash table entries: 512 (order: 2, 16384 bytes)
[    3.936488] UDP-Lite hash table entries: 512 (order: 2, 16384 bytes)
[    3.938948] NET: Registered protocol family 1
[    3.940856] pci 0000:00:00.0: Limiting direct PCI/PCI transfers
[    3.943177] pci 0000:00:01.0: Activating ISA DMA hang workarounds
[    3.945762] Unpacking initramfs...
[    8.255466] Freeing initrd memory: 10836K (ffff880036ac6000 - ffff88003755b000)
[    8.455195] RAPL PMU detected, API unit is 2^-32 Joules, 3 fixed counters 10737418240 ms ovfl timer
[    8.721009] hw unit of domain pp0-core 2^-0 Joules
[    8.799721] hw unit of domain package 2^-0 Joules
[    8.848454] hw unit of domain pp1-gpu 2^-0 Joules
[    8.859429] platform rtc_cmos: registered platform RTC device (no PNP device found)
[    8.871008] Scanning for low memory corruption every 60 seconds
[    8.901075] audit: initializing netlink subsys (disabled)
[    8.904661] audit: type=2000 audit(1498018919.381:1): initialized
[    8.910279] Initialise system trusted keyring
[    8.916748] HugeTLB registered 2 MB page size, pre-allocated 0 pages
[    8.927811] zbud: loaded
[    8.969087] VFS: Disk quotas dquot_6.6.0
[    9.071850] VFS: Dquot-cache hash table entries: 512 (order 0, 4096 bytes)
[    9.085660] squashfs: version 4.0 (2009/01/31) Phillip Lougher
[    9.110071] fuse init (API version 7.23)
[    9.112357] Key type big_key registered
[    9.114135] Allocating IMA MOK and blacklist keyrings.
[    9.119425] Key type asymmetric registered
[    9.121213] Asymmetric key parser 'x509' registered
[    9.123375] Block layer SCSI generic (bsg) driver version 0.4 loaded (major 249)
[    9.126773] io scheduler noop registered
[    9.186724] io scheduler deadline registered (default)
[    9.190872] io scheduler cfq registered
[    9.192847] pci_hotplug: PCI Hot Plug PCI Core version: 0.5
[    9.195072] pciehp: PCI Express Hot Plug Controller Driver version: 0.4
[    9.394081] ACPI: AC Adapter [AC] (on-line)
[    9.415818] input: Power Button as /devices/LNXSYSTM:00/LNXPWRBN:00/input/input0
[    9.419038] ACPI: Power Button [PWRF]
[    9.420813] input: Sleep Button as /devices/LNXSYSTM:00/LNXSLPBN:00/input/input1
[    9.424092] ACPI: Sleep Button [SLPF]
[    9.426329] GHES: HEST is not enabled!
[    9.427790] ACPI: Battery Slot [BAT0] (battery present)
[    9.430546] Serial: 8250/16550 driver, 32 ports, IRQ sharing enabled
[    9.457293] 00:02: ttyS0 at I/O 0x3f8 (irq = 4, base_baud = 115200) is a 16550A
[    9.544466] Linux agpgart interface v0.103
[    9.550746] loop: module loaded
[    9.760081] scsi host0: ata_piix
[    9.779463] scsi host1: ata_piix
[    9.781069] ata1: PATA max UDMA/33 cmd 0x1f0 ctl 0x3f6 bmdma 0xd000 irq 14
[    9.783686] ata2: PATA max UDMA/33 cmd 0x170 ctl 0x376 bmdma 0xd008 irq 15
[    9.786515] libphy: Fixed MDIO Bus: probed
[    9.788384] tun: Universal TUN/TAP device driver, 1.6
[    9.794082] tun: (C) 1999-2004 Max Krasnyansky <maxk@qualcomm.com>
[    9.796580] PPP generic driver version 2.4.2
[    9.798618] ehci_hcd: USB 2.0 'Enhanced' Host Controller (EHCI) Driver
[    9.801164] ehci-pci: EHCI PCI platform driver
[    9.804334] ehci-platform: EHCI generic platform driver
[    9.806485] ohci_hcd: USB 1.1 'Open' Host Controller (OHCI) Driver
[    9.808960] ohci-pci: OHCI PCI platform driver
[    9.810893] ohci-platform: OHCI generic platform driver
[    9.813071] uhci_hcd: USB Universal Host Controller Interface driver
[    9.815671] i8042: PNP: PS/2 Controller [PNP0303:PS2K,PNP0f03:PS2M] at 0x60,0x64 irq 1,12
[    9.820110] serio: i8042 KBD port at 0x60,0x64 irq 1
[    9.822163] serio: i8042 AUX port at 0x60,0x64 irq 12
[    9.824561] mousedev: PS/2 mouse device common for all mice
[    9.827863] rtc_cmos rtc_cmos: rtc core: registered rtc_cmos as rtc0
[    9.830650] input: AT Translated Set 2 keyboard as /devices/platform/i8042/serio0/input/input2
[    9.834306] rtc_cmos rtc_cmos: alarms up to one day, 114 bytes nvram
[    9.836931] i2c /dev entries driver
[    9.838757] device-mapper: uevent: version 1.0.3
[    9.840898] device-mapper: ioctl: 4.34.0-ioctl (2015-10-28) initialised: dm-devel@redhat.com
[    9.844477] ledtrig-cpu: registered to indicate activity on CPUs
[    9.847783] NET: Registered protocol family 10
[    9.850322] NET: Registered protocol family 17
[    9.852217] Key type dns_resolver registered
[    9.854499] microcode: CPU0 sig=0x306a9, pf=0x2, revision=0x19
[    9.856822] microcode: CPU1 sig=0x306a9, pf=0x2, revision=0x19
[    9.860679] microcode: Microcode Update Driver: v2.01 <tigran@aivazian.fsnet.co.uk>, Peter Oruba
[    9.865044] registered taskstats version 1
[    9.866863] Loading compiled-in X.509 certificates
[    9.867028] tsc: Refined TSC clocksource calibration: 2394.489 MHz
[    9.867032] clocksource: tsc: mask: 0xffffffffffffffff max_cycles: 0x2283e155a7d, max_idle_ns: 440795273450 ns
[    9.878347] Loaded X.509 cert 'Build time autogenerated kernel key: 4e3fcaabc4148de0b198d1fb3d36a6c6d4cf062b'
[    9.882241] zswap: loaded using pool lzo/zbud
[    9.889015] Key type trusted registered
[    9.899371] Key type encrypted registered
[    9.906551] AppArmor: AppArmor sha1 policy hashing enabled
[    9.908716] ima: No TPM chip found, activating TPM-bypass!
[    9.912227] evm: HMAC attrs: 0x1
[   10.008476]   Magic number: 5:821:363
[   10.069027] rtc_cmos rtc_cmos: setting system clock to 2017-06-21 04:21:58 UTC (1498018918)
[   10.074567] BIOS EDD facility v0.16 2004-Jun-25, 0 devices found
[   10.099315] EDD information not available.
[   10.104328] Freeing unused kernel memory: 1484K (ffffffff81f45000 - ffffffff820b8000)
[   10.729176] Write protecting the kernel read-only data: 14336k
[   11.190269] Freeing unused kernel memory: 1760K (ffff880001848000 - ffff880001a00000)
[   11.210827] Freeing unused kernel memory: 112K (ffff880001de4000 - ffff880001e00000)
Loading, please wait...
starting version[   11.254081] random: systemd-udevd: uninitialized urandom read (16 bytes read, 3 bits of entropy available)
 229
[   11.255673] random: udevadm: uninitialized urandom read (16 bytes read, 3 bits of entropy available)
[   11.255767] random: udevadm: uninitialized urandom read (16 bytes read, 3 bits of entropy available)
[   11.256081] random: udevadm: uninitialized urandom read (16 bytes read, 3 bits of entropy available)
[   11.256207] random: udevadm: uninitialized urandom read (16 bytes read, 3 bits of entropy available)
[   11.256573] random: udevadm: uninitialized urandom read (16 bytes read, 3 bits of entropy available)
[   11.256701] random: udevadm: uninitialized urandom read (16 bytes read, 3 bits of entropy available)
[   11.256826] random: udevadm: uninitialized urandom read (16 bytes read, 3 bits of entropy available)
[   11.256940] random: udevadm: uninitialized urandom read (16 bytes read, 3 bits of entropy available)
[   11.257054] random: udevadm: uninitialized urandom read (16 bytes read, 3 bits of entropy available)
[   11.399646] e1000: Intel(R) PRO/1000 Network Driver - version 7.3.21-k8-NAPI
[   11.421079] e1000: Copyright (c) 1999-2006 Intel Corporation.
[   11.439643] Fusion MPT base driver 3.04.20
[   11.444135] Copyright (c) 1999-2008 LSI Corporation
[   11.493422] AVX version of gcm_enc/dec engaged.
[   11.588558] AES CTR mode by8 optimization enabled
[   11.992712] input: ImExPS/2 Generic Explorer Mouse as /devices/platform/i8042/serio1/input/input4
[   12.026617] Fusion MPT SPI Host driver 3.04.20
[   12.432216] e1000 0000:00:03.0 eth0: (PCI:33MHz:32-bit) 02:e7:04:e9:f2:54
[   12.638651] e1000 0000:00:03.0 eth0: Intel(R) PRO/1000 Network Connection
[   12.980406] mptbase: ioc0: Initiating bringup
[   13.262814] ioc0: LSI53C1030 A0: Capabilities={Initiator}
[   13.683537] scsi host2: ioc0: LSI53C1030 A0, FwRev=00000000h, Ports=1, MaxQ=256, IRQ=20
[   14.477500] floppy0: no floppy controllers found
[   14.477609] work still pending
[   14.731071] scsi 2:0:0:0: Direct-Access     VBOX     HARDDISK         1.0  PQ: 0 ANSI: 5
[   14.761195] scsi target2:0:0: Beginning Domain Validation
[   14.863233] scsi target2:0:0: Domain Validation skipping write tests
[   14.866999] scsi target2:0:0: Ending Domain Validation
[   14.869390] scsi target2:0:0: asynchronous
[   14.872251] scsi 2:0:1:0: Direct-Access     VBOX     HARDDISK         1.0  PQ: 0 ANSI: 5
[   14.876196] scsi target2:0:1: Beginning Domain Validation
[   14.880416] scsi target2:0:1: Domain Validation skipping write tests
[   14.883147] scsi target2:0:1: Ending Domain Validation
[   14.885505] scsi target2:0:1: asynchronous
[   14.900081] sd 2:0:0:0: Attached scsi generic sg0 type 0
[   14.902568] sd 2:0:0:0: [sda] 20971520 512-byte logical blocks: (10.7 GB/10.0 GiB)
[   14.907441] sd 2:0:1:0: [sdb] 20480 512-byte logical blocks: (10.5 MB/10.0 MiB)
[   14.911297] sd 2:0:1:0: Attached scsi generic sg1 type 0
[   14.914107] sd 2:0:0:0: [sda] Write Protect is off
[   14.916462] sd 2:0:1:0: [sdb] Write Protect is off
[   14.919359] sd 2:0:1:0: [sdb] Incomplete mode parameter data
[   14.921808] sd 2:0:1:0: [sdb] Assuming drive cache: write through
[   14.924525] sd 2:0:0:0: [sda] Incomplete mode parameter data
[   14.926997] sd 2:0:0:0: [sda] Assuming drive cache: write through
[   14.946116]  sda: sda1
[   15.004364] sd 2:0:1:0: [sdb] Attached SCSI disk
[   15.007880] sd 2:0:0:0: [sda] Attached SCSI disk
[   15.183965] e1000 0000:00:08.0 eth1: (PCI:33MHz:32-bit) 08:00:27:29:be:03
[   15.759415] e1000 0000:00:08.0 eth1: Intel(R) PRO/1000 Network Connection
[   15.782021] e1000 0000:00:08.0 enp0s8: renamed from eth1
[   15.850555] e1000 0000:00:03.0 enp0s3: renamed from eth0
Begin: Loading e[   17.633811] md: linear personality registered for level -1
ssential drivers ... [   17.781503] md: multipath personality registered for level -4
[   17.936876] md: raid0 personality registered for level 0
[   17.982580] md: raid1 personality registered for level 1
[   18.066243] raid6: sse2x1   gen()  3176 MB/s
[   18.142207] raid6: sse2x1   xor()  2539 MB/s
[   18.213987] raid6: sse2x2   gen()  4240 MB/s
[   18.378253] raid6: sse2x2   xor()  2841 MB/s
[   18.562237] raid6: sse2x4   gen()  4681 MB/s
[   18.754230] raid6: sse2x4   xor()  3448 MB/s
[   18.882847] raid6: using algorithm sse2x4 gen() 4681 MB/s
[   19.040536] raid6: .... xor() 3448 MB/s, rmw enabled
[   19.190778] raid6: using ssse3x2 recovery algorithm
[   19.268816] xor: automatically using best checksumming function:
[   19.317851]    avx       : 12218.000 MB/sec
[   19.326153] async_tx: api initialized (async)
[   19.345950] md: raid6 personality registered for level 6
[   19.407631] md: raid5 personality registered for level 5
[   19.409727] md: raid4 personality registered for level 4
[   19.424984] md: raid10 personality registered for level 10
done.
Begin: Running /scripts/init-premount ... done.
Begin: Mounting root file system ... Begin: Running /scripts/local-top ... done.
Begin: Running /scripts/local-premount ... [   19.491852] Btrfs loaded
Scanning for Btrfs filesystems
done.
Warning: fsck not present, so sk[   19.584357] EXT4-fs (sda1): mounted filesystem with ordered data mode. Opts: (null)
ipping root file system
done.
Begin: Running /scripts/local-bottom ... done.
Begin: Running /scripts/init-bottom ... done.
[   20.296693] systemd[1]: systemd 229 running in system mode. (+PAM +AUDIT +SELINUX +IMA +APPARMOR +SMACK +SYSVINIT +UTMP +LIBCRYPTSETUP +GCRYPT +GNUTLS +ACL +XZ -LZ4 +SECCOMP +BLKID +ELFUTILS +KMOD -IDN)
[   20.441980] systemd[1]: Detected virtualization oracle.
[   20.446129] systemd[1]: Detected architecture x86-64.

Welcome to [1mUbuntu 16.04.2 LTS[0m!

[   20.576317] systemd[1]: Set hostname to <ubuntu>.
[   21.042691] systemd[1]: Initializing machine ID from random generator.
[   21.059838] systemd[1]: Installed transient /etc/machine-id file.
[   21.075821] random: nonblocking pool is initialized
[   21.864289] systemd[1]: Listening on Journal Socket.
[[0;32m  OK  [0m] Listening on Journal Socket.
[   22.426816] systemd[1]: Listening on LVM2 poll daemon socket.
[[0;32m  OK  [0m] Listening on LVM2 poll daemon socket.
[   22.753856] systemd[1]: Set up automount Arbitrary Executable File Formats File System Automount Point.
[[0;32m  OK  [0m] Set up automount Arbitrary Executab...ats File System Automount Point.
[   22.793688] systemd[1]: Listening on Device-mapper event daemon FIFOs.
[[0;32m  OK  [0m] Listening on Device-mapper event daemon FIFOs.
[   22.801844] systemd[1]: Listening on udev Control Socket.
[[0;32m  OK  [0m] Listening on udev Control Socket.
[   22.987393] systemd[1]: Listening on /dev/initctl Compatibility Named Pipe.
[[0;32m  OK  [0m] Listening on /dev/initctl Compatibility Named Pipe.
[   23.726940] systemd[1]: Started Forward Password Requests to Wall Directory Watch.
[[0;32m  OK  [0m] Started Forward Password Requests to Wall Directory Watch.
[   23.933735] systemd[1]: Reached target Swap.
[[0;32m  OK  [0m] Reached target Swap.
[   23.950581] systemd[1]: Listening on Journal Socket (/dev/log).
[[0;32m  OK  [0m] Listening on Journal Socket (/dev/log).
[   24.151552] systemd[1]: Created slice User and Session Slice.
[[0;32m  OK  [0m] Created slice User and Session Slice.
[   24.191009] systemd[1]: Listening on udev Kernel Socket.
[[0;32m  OK  [0m] Listening on udev Kernel Socket.
[   24.195228] systemd[1]: Started Trigger resolvconf update for networkd DNS.
[[0;32m  OK  [0m] Started Trigger resolvconf update for networkd DNS.
[   24.201506] systemd[1]: Listening on LVM2 metadata daemon socket.
[[0;32m  OK  [0m] Listening on LVM2 metadata daemon socket.
[   24.231550] systemd[1]: Created slice System Slice.
[[0;32m  OK  [0m] Created slice System Slice.
[   24.806797] systemd[1]: Starting Load Kernel Modules...
[   25.018912] Loading iSCSI transport class v2.0-870.
         Starting Load Kernel Modules...
[   25.034636] systemd[1]: Reached target Slices.
[[0;32m  OK  [0m] Reached targ[   25.057140] iscsi: registered transport (tcp)
et Slices.
[   25.086423] systemd[1]: Mounting Debug File System...
         Mounting Debug File System...
[   25.105819] systemd[1]: Mounting POSIX Message Queue File System...
         Mounting POSIX Message Queue File System...
[   25.118449] systemd[1]: Created slice system-serial\x2dgetty.slice.
[[0;32m  OK  [0m] Created slice system-serial\x2dgetty.slice.
[   25.150517] systemd[1]: Mounting Huge Pages File System...
         Mounting Huge Pages File System...
[   25.249967] iscsi: registered transport (iser)
[   25.338566] systemd[1]: Starting Set console keymap...
         Starting Set console keymap...
[   25.858602] systemd[1]: Starting Remount Root and Kernel File Systems...
[   25.886944] EXT4-fs (sda1): re-mounted. Opts: (null)
         Starting Remount Root and Kernel File Systems...
[   26.265714] systemd[1]: Starting Monitoring of LVM2 mirrors, snapshots etc. using dmeventd or progress polling...
         Starting Monitoring of LVM2 mirrors... dmeventd or progress polling...
[   26.278444] systemd[1]: Starting Nameserver information manager...
         Starting Nameserver information manager...
[   26.292250] systemd[1]: Starting Uncomplicated firewall...
         Starting Uncomplicated firewall...
[   26.329224] systemd[1]: Listening on Syslog Socket.
[[0;32m  OK  [0m] Listening on Syslog Socket.
[   26.336317] systemd[1]: Listening on Journal Audit Socket.
[[0;32m  OK  [0m] Listening on Journal Audit Socket.
[   26.343610] systemd[1]: Reached target Encrypted Volumes.
[[0;32m  OK  [0m] Reached target Encrypted Volumes.
[   26.362585] systemd[1]: Starting Create list of required static device nodes for the current kernel...
         Starting Create list of required st... nodes for the current kernel...
[   26.377162] systemd[1]: Reached target User and Group Name Lookups.
[[0;32m  OK  [0m] Reached target User and Group Name Lookups.
[   26.385221] systemd[1]: Starting Journal Service...
         Starting Journal Service...
[   26.394548] systemd[1]: Mounted Huge Pages File System.
[[0;32m  OK  [0m] Mounted Huge Pages File System.
[   26.410779] systemd[1]: Mounted Debug File System.
[[0;32m  OK  [0m] Mounted Debug File System.
[   26.422550] systemd[1]: Mounted POSIX Message Queue File System.
[[0;32m  OK  [0m] Mounted POSIX Message Queue File System.
[   26.435654] systemd[1]: Started Load Kernel Modules.
[[0;32m  OK  [0m] Started Load Kernel Modules.
[   26.448249] systemd[1]: Started Set console keymap.
[[0;32m  OK  [0m] Started Set console keymap.
[   26.459670] systemd[1]: Started Remount Root and Kernel File Systems.
[[0;32m  OK  [0m] Started Remount Root and Kernel File Systems.
[   26.483712] systemd[1]: Started Uncomplicated firewall.
[[0;32m  OK  [0m] Started Uncomplicated firewall.
[   26.499523] systemd[1]: Started Create list of required static device nodes for the current kernel.
[[0;32m  OK  [0m] Started Create list of required sta...ce nodes for the current kernel.
[   26.538977] systemd[1]: Started Nameserver information manager.
[[0;32m  OK  [0m] Started Nameserver information manager.
[   26.595454] systemd[1]: Started Journal Service.
[[0;32m  OK  [0m] Started Journal Service.
[[0;32m  OK  [0m] Started LVM2 metadata daemon.
         Starting Create Static Device Nodes in /dev...
         Starting Flush Journal to Persistent Storage...
         Starting udev Coldplug all Devices...
         Starting Load/Save Random Seed...
         Starting Initial cloud-init job (pre-networking)...
         Mounting FUSE Control File System...
         Starting Apply Kernel Variables...
[[0;32m  OK  [0m] Mounted FUSE Control File System.
[[0;32m  OK  [0m] Started Create Static Device Nodes in /dev.
[[0;32m  OK  [0m] Started Load/Save Random Seed.
[   27.160695] systemd-journald[416]: Received request to flush runtime journal from PID 1
[[0;32m  OK  [0m] Started udev Coldplug all Devices.
[[0;32m  OK  [0m] Started Flush Journal to Persistent Storage.
[[0;32m  OK  [0m] Started Apply Kernel Variables.
         Starting udev Kernel Device Manager...
[[0;32m  OK  [0m] Started Monitoring of LVM2 mirrors,...ng dmeventd or progress polling.
[[0;32m  OK  [0m] Started udev Kernel Device Manager.
[[0;32m  OK  [0m] Started Dispatch Password Requests to Console Directory Watch.
[[0;32m  OK  [0m] Reached target Local File Systems (Pre).
[[0;32m  OK  [0m] Reached target Local File Systems.
         Starting Set console font and keymap...
         Starting Commit a transient machine-id on disk...
         Starting Create Volatile Files and Directories...
         Starting Tell Plymouth To Write Out Runtime Data...
         Starting LSB: AppArmor initialization...
[[0;32m  OK  [0m] Started Commit a transient machine-id on disk.
[[0;32m  OK  [0m] Started Tell Plymouth To Write Out Runtime Data.
[[0;32m  OK  [0m] Found device /dev/ttyS0.
[[0;32m  OK  [0m] Started Create Volatile Files and Directories.
         Starting Update UTMP about System Boot/Shutdown...
[[0;32m  OK  [0m] Reached target System Time Synchronized.
[[0;32m  OK  [0m] Started Update UTMP about System Boot/Shutdown.
[[0;32m  OK  [0m] Started Set console font and keymap.
[[0;32m  OK  [0m] Listening on Load/Save RF Kill Switch Status /dev/rfkill Watch.
[[0;32m  OK  [0m] Created slice system-getty.slice.
[[0;32m  OK  [0m] Started LSB: AppArmor initialization.
[   29.537656] cloud-init[460]: Cloud-init v. 0.7.9 running 'init-local' at Wed, 21 Jun 2017 04:22:20 +0000. Up 28.75 seconds.
[[0;32m  OK  [0m] Started Initial cloud-init job (pre-networking).
[[0;32m  OK  [0m] Reached target Network (Pre).
         Starting Raise network interfaces...
[[0;32m  OK  [0m] Started Raise network interfaces.
         Starting Initial cloud-init job (metadata service crawler)...
[[0;32m  OK  [0m] Reached target Network.
[   33.120924] cloud-init[948]: Cloud-init v. 0.7.9 running 'init' at Wed, 21 Jun 2017 04:22:22 +0000. Up 31.03 seconds.
[   33.177889] cloud-init[948]: ci-info: +++++++++++++++++++++++++++++++++++++Net device info++++++++++++++++++++++++++++++++++++++
[   33.186908] cloud-init[948]: ci-info: +--------+-------+---------------------------+---------------+-------+-------------------+
[   33.209017] cloud-init[948]: ci-info: | Device |   Up  |          Address          |      Mask     | Scope |     Hw-Address    |
[   33.222640] [[0;32m  OK  [0m] Started Initial cloud-init job (metadata service crawler).
cloud-init[948]: [[0;32m  OK  [0m] Reached target System Initialization.
[[0;32m  OK  [0m] Listening on D-Bus System Message Bus Socket.
ci-info: +--------+-------+---------------------------+---------------+-------+-------------------+
         Starting LXD - unix socket.
[   33.235350] cloud-init[948]: ci-info: | enp0s8 | False |             .             |       .       |   .   | 08:00:27:29:be:03 |
[[0;32m  OK  [0m] Listening on ACPID Listen Socket.
[[0;32m  OK  [0m] Started Daily Cleanup of Temporary Directories.
[   33.242375] cloud-init[948]: ci-info: |   lo   |  True |         127.0.0.1         |   255.0.0.0   |   .   |         .         |
[   33.257070] cloud-init[948]: ci-info: |   lo   |  True |          ::1/128          |       .       |  host |         .         |
[   33.257720] cloud-init[948]: ci-info: | enp0s3 |  True |         10.0.2.15         | 255.255.255.0 |   .   | 02:e7:04:e9:f2:54 |
[   33.258175] cloud-init[948]: ci-info: | enp0s3 |  True | fe80::e7:4ff:fee9:f254/64 |       .       |  link | 02:e7:04:e9:f2:54 |
[   33.258633] cloud-init[948]: ci-info: +--------+-------+---------------------------+---------------+-------+-------------------+
[[0;32m  OK  [0m] Started Timer to automatically refresh installed snaps.
[   33.259087] cloud-init[948]: ci-info: +++++++++++++++++++++++++++Route IPv4 info++++++++++++++++++++++++++++
[   33.416636] cloud-init[948]: ci-info: +-------+-------------+----------+---------------+-----------+-------+
[   33.417513] cloud-init[948]: ci-info: | Route | Destination | Gateway  |    Genmask    | Interface | Flags |
         Starting Socket activation for snappy daemon.
[   33.417943] cloud-init[948]: ci-info: +-------+-------------+----------+---------------+-----------+-------+
[   33.522808] cloud-init[948]: ci-info: |   0   |   0.0.0.0   | 10.0.2.2 |    0.0.0.0    |   enp0s3  |   UG  |
[   33.523448] cloud-init[948]: ci-info: |   1   |   10.0.2.0  | 0.0.0.0  | 255.255.255.0 |   enp0s3  |   U   |
[[0;32m  OK  [0m] Started ACPI Events Check.
[[   33.523786] cloud-init[948]: ci-info: +-------+-------------+----------+---------------+-----------+-------+
[   33.542358] cloud-init[948]: Generating public/private rsa key pair.
[   33.542531] cloud-init[948]: Your identification has been saved in /etc/ssh/ssh_host_rsa_key.
[   33.542790] cloud-init[948]: Your public key has been saved in /etc/ssh/ssh_host_rsa_key.pub.
[   33.543062] cloud-init[948]: The key fingerprint is:
[   33.543657] cloud-init[948]: SHA256:wVZsrJBel9uZp49wYZyxXIDxNVcHbXAj9cpMI52jsBM root@ubuntu-xenial
[   33.543932] cloud-init[948]: The key's randomart image is:
[   33.544486] cloud-init[948]: +---[RSA 2048]----+
[   33.544769] cloud-init[948]: |       . oo+.o***|
[   33.545327] cloud-init[948]: |      o...B..oo=*|
[   33.545594] cloud-init[948]: |     . o++E=oB*..|
[   33.545865] cloud-init[948]: |      .....+@*.+ |
[   33.546137] cloud-init[948]: |        S o..++  |
[0;32m  OK  [0m] Reached target Paths.
[[   33.546414] cloud-init[948]: |          ..o    |
[   33.616197] cloud-init[948]: |           o o   |
[0;32m  OK  [0m] Listening on UUID daemon activation socket.
[[   33.616576] cloud-init[948]: |            . .  |
[   33.677725] cloud-init[948]: |                 |
[0;32m  OK  [0m] Started Daily apt activities.
[   33.677953] cloud-init[948]: +----[SHA256]-----+
[   33.721433] cloud-init[948]: Generating public/private dsa key pair.
[[0;32m  OK  [0m] Reached target Timers.
[[   33.721763] cloud-init[948]: Your identification has been saved in /etc/ssh/ssh_host_dsa_key.
[   33.745447] cloud-init[948]: Your public key has been saved in /etc/ssh/ssh_host_dsa_key.pub.
[   33.745772] cloud-init[948]: The key fingerprint is:
[0;32m  OK  [0m] Reached target Cloud-config availability.
[   33.746310] cloud-init[948]: SHA256:wD8ahsNlCSt5+k75VmW/HTmEpf0h4cwd/GcgxeJdAyg root@ubuntu-xenial
[   33.819973] cloud-init[948]: The key's randomart image is:
[[0;32m  OK  [0m] Reached target Network is Online.
[   33.820246] cloud-init[948]: +---[DSA 1024]----+
[   33.843727] cloud-init[948]: |    .       .++  |
[   33.847527] cloud-init[948]: |   . + . E .o.++.|
[   33.849951] cloud-init[948]: |  o o *   ..+Ooo+|
[   33.856679] cloud-init[948]: |   = + o  o +=+o+|
[   33.861019] cloud-init[948]: |  . + o So . ..+o|
[   33.861821] cloud-init[948]: |   . + o..  . + .|
         Starting iSCSI initiator daemon (iscsid)...
[[0;32m  OK  [0m] Listening on LXD - unix socket.
[   33.862156] [cloud-init[0;32m  OK  [0m[948]: ] |    + ..     o o |Listening on Socket activation for snappy daemon.

[   33.901818] cloud-init[948]: |   o ..     . .  |
[   33.966655] cloud-init[948]: |    ...          |
[   33.969937] cloud-init[948]: +----[SHA256]-----+
[   33.973985] cloud-init[948]: Generating public/private ecdsa key pair.
[   33.988803] cloud-init[948]: Your identification has been saved in /etc/ssh/ssh_host_ecdsa_key.
[[0;32m  OK  [0m] Reached target Sockets.
[   33.996834] [cloud-init[0;32m  OK  [0m[948]: ] Your public key has been saved in /etc/ssh/ssh_host_ecdsa_key.pub.Reached target Basic System.

[   34.032257] cloud-init[948]: The key fingerprint is:
[   34.034919] cloud-init[948]: SHA256:LBT6tBaFjQYLB+BkSyuCess+FNbYjpHsIHdvkBeC4D8 root@ubuntu-xenial
[   34.038405] cloud-init[948]: The key's randomart image is:
[   34.042401] [[0;32m  OK  [0m] Started Snappy daemon.
cloud-init[948]: +---[ECDSA 256]---+
[   34.047990] cloud-init[948]: |o*ooo..+.        |
[   34.078647] cloud-init[948]: |B +o.o=o.        |
[   34.079583] cloud-init[948]: |+* =o++.         |
         Starting Auto import assertions from block devices...
[   34.080133] cloud-init[948]: |* X *+.+         |
[   34.131183] cloud-init[948]: |o=.E += S        |
[   34.137572] cloud-init[948]: | o+.o.o.         |
[   34.138293] cloud-init[948]: | .o  .           |
[[0;32m  OK  [0m] Started ACPI event daemon.
[   34.140923] cloud-init[948]: | ..              |
[   34.181081] cloud-init[948]: |  ..             |
[   34.191199] cloud-init[948]: +----[SHA256]-----+
[   34.197649] cloud-init[948]: Generating public/private ed25519 key pair.
[   34.198211] cloud-init[948]: Your identification has been saved in /etc/ssh/ssh_host_ed25519_key.
[   34.198643] cloud-init[948]: Your public key has been saved in /etc/ssh/ssh_host_ed25519_key.pub.
[   34.199149] cloud-init[948]: The key fingerprint is:
[   34.199602] cloud-init[948]: SHA256:Pmy0CTM3vV2JfEcBmJuwY9UqFtuwuJkxHyvnl/guEvM root@ubuntu-xenial
[   34.200022] cloud-init[948]: The key's randomart image is:
[   34.200961] cloud-init[948]: +--[ED25519 256]--+
[   34.201374] cloud-init[948]: |            +... |
[   34.201862] cloud-init[948]: |         + + .  .|
[   34.202253] cloud-init[948]: |        . X +   .|
[   34.202684] cloud-init[948]: |       + @ * . o |
[   34.203230] cloud-init[948]: |      + S * o + .|
[   34.203604] cloud-init[948]: |       / B o o . |
[   34.204109] cloud-init[948]: |        # o o    |
[   34.204485] cloud-init[948]: |       o E o     |
         Starting Apply the settings specified in cloud-config...
[[0;32m  OK  [0m] Started Deferred execution scheduler.
[   34.205746] cloud-init[948]: |        . =o     |
[   34.320603] cloud-init[948]: +----[SHA256]-----+
[[0;32m  OK  [0m] Started Regular background program processing daemon.
[[0;32m  OK  [0m] Started FUSE filesystem for LXC.
[[0;32m  OK  [0m] Started D-Bus System Message Bus.
         Starting Login Service...
         Starting LSB: MD monitoring daemon...
         Starting LSB: Record successful boot for GRUB...
[[0;32m  OK  [0m] Started Unattended Upgrades Shutdown.
         Starting System Logging Service...
         Starting Accounts Service...
         Starting /etc/rc.local Compatibility...
         Starting Pollinate to seed the pseudo random number generator...
         Starting LXD - container startup/shutdown...
[[0;32m  OK  [0m] Started iSCSI initiator daemon (iscsid).
[[0;32m  OK  [0m] Started Auto import assertions from block devices.
[[0;32m  OK  [0m] Started /etc/rc.local Compatibility.
         Starting Login to default iSCSI targets...
[[0;32m  OK  [0m] Started Login Service.
[[0;32m  OK  [0m] Started System Logging Service.
[[0;32m  OK  [0m] Started LSB: MD monitoring daemon.
[[0;32m  OK  [0m] Started LSB: Record successful boot for GRUB.
[[0;32m  OK  [0m] Started Login to default iSCSI targets.
[[0;32m  OK  [0m] Reached target Remote File Systems (Pre).
[[0;32m  OK  [0m] Reached target Remote File Systems.
         Starting LSB: daemon to balance interrupts for SMP systems...
         Starting LSB: Set the CPU Frequency Scaling governor to "ondemand"...
         Starting Permit User Sessions...
         Starting LSB: automatic crash report generation...
         Starting LSB: VirtualBox Linux Additions...
[[0;32m  OK  [0m] Started Permit User Sessions.
[[0;32m  OK  [0m] Started LSB: Set the CPU Frequency Scaling governor to "ondemand".
         Starting Authenticate and Authorize Users to Run Privileged Tasks...
         Starting Terminate Plymouth Boot Screen...
         Starting Hold until boot process finishes up...
[[0;32m  OK  [0m] Started Terminate Plymouth Boot Screen.
[[0;32m  OK  [0m] Started Hold until boot process finishes up.
         Starting Set console scheme...
[[0;32m  OK  [0m] Started Serial Getty on ttyS0.
[   35.991405] cloud-init[1057]: Generating locales (this might take a while)...
[[0;32m  OK  [0m] Started Getty on tty1.
[[0;32m  OK  [0m] Reached target Login Prompts.
[[0;32m  OK  [0m] Started LSB: daemon to balance interrupts for SMP systems.
[[0;32m  OK  [0m] Started LSB: automatic crash report generation.
[[0;32m  OK  [0m] Started Set console scheme.
[[0;32m  OK  [0m] Started Authenticate and Authorize Users to Run Privileged Tasks.
[[0;32m  OK  [0m] Started Accounts Service.
[[0;32m  OK  [0m] Started LSB: VirtualBox Linux Additions.
[[0;32m  OK  [0m] Started LXD - container startup/shutdown.
[[0;32m  OK  [0m] Started Pollinate to seed the pseudo random number generator.
         Starting OpenBSD Secure Shell server...
[[0;32m  OK  [0m] Started OpenBSD Secure Shell server.
[[0;32m  OK  [0m] Reached target Multi-User System.
[[0;32m  OK  [0m] Reached target Graphical Interface.
[   38.329618] cloud-init[1057]:   en_US.UTF-8... done
         Starting Update UTMP about System Runlevel Changes...
[   38.339232] cloud-init[1057]: Generation complete.
[[0;32m  OK  [0m] Started Update UTMP about System Runlevel Changes.
         Stopping OpenBSD Secure Shell server...
[[0;32m  OK  [0m] Stopped OpenBSD Secure Shell server.
         Starting OpenBSD Secure Shell server...
[[0;32m  OK  [0m] Started OpenBSD Secure Shell server.
[[0;32m  OK  [0m] Created slice User Slice of ubuntu.
         Starting User Manager for UID 1000...
[[0;32m  OK  [0m] Started Session 1 of user ubuntu.
[[0;32m  OK  [0m] Started User Manager for UID 1000.
[   40.574697] cloud-init[1057]: Cloud-init v. 0.7.9 running 'modules:config' at Wed, 21 Jun 2017 04:22:26 +0000. Up 35.21 seconds.
[[0;32m  OK  [0m] Started Apply the settings specified in cloud-config.
         Starting Execute cloud user/final scripts...
ci-info: no authorized ssh keys fingerprints found for user ubuntu.
<14>Jun 21 04:22:33 ec2: 
<14>Jun 21 04:22:33 ec2: #############################################################
<14>Jun 21 04:22:33 ec2: -----BEGIN SSH HOST KEY FINGERPRINTS-----
<14>Jun 21 04:22:33 ec2: 1024 SHA256:wD8ahsNlCSt5+k75VmW/HTmEpf0h4cwd/GcgxeJdAyg root@ubuntu-xenial (DSA)
<14>Jun 21 04:22:33 ec2: 256 SHA256:LBT6tBaFjQYLB+BkSyuCess+FNbYjpHsIHdvkBeC4D8 root@ubuntu-xenial (ECDSA)
<14>Jun 21 04:22:33 ec2: 256 SHA256:Pmy0CTM3vV2JfEcBmJuwY9UqFtuwuJkxHyvnl/guEvM root@ubuntu-xenial (ED25519)
<14>Jun 21 04:22:33 ec2: 2048 SHA256:wVZsrJBel9uZp49wYZyxXIDxNVcHbXAj9cpMI52jsBM root@ubuntu-xenial (RSA)
<14>Jun 21 04:22:33 ec2: -----END SSH HOST KEY FINGERPRINTS-----
<14>Jun 21 04:22:33 ec2: #############################################################
-----BEGIN SSH HOST KEY KEYS-----
ecdsa-sha2-nistp256 AAAAE2VjZHNhLXNoYTItbmlzdHAyNTYAAAAIbmlzdHAyNTYAAABBBEw28S7EtC4yfiiDtAKnqXx1D4Yvz/YXtFF2jzZilAFYAaJHlQOtWi3CbW5GpalI4LFpEOtmweSk7Q6HiMNBhnM= root@ubuntu-xenial
ssh-ed25519 AAAAC3NzaC1lZDI1NTE5AAAAIHCsDzatOu1itDkzAxcZmhJPYmmftYcVGe+aRhR7npUf root@ubuntu-xenial
ssh-rsa AAAAB3NzaC1yc2EAAAADAQABAAABAQC4G1BIS8vCeXLgn9HOTwipKBFHFeRa45iDbSEQ9KBq/C62j7xCeRImwGOPOwD+k9FLxeqZpOqJvPRvFBcLsobcTTot017vGTJ/LfuiQDPc/3Nnwq/sq5TNTeT+mQwCPS1LAED0vEfX8EhVZ2udyGS4vk8c6HlGeT+0g19Rmzl+Ci8kTf6yo7wEQIj25ZbrNo75hqgFj58QqSfBKNfkk+AWun2imtA+Hqie6NaPVjgH3KollYQl00ROaNhCldH6fXz5oFEGu7+yp1wyJjyeJe0TLYq2yBBCcfVi5+8rUtYIZOjc9BIc8QymAczYnHtzAlp5EeLicQuxsVjXKsuzmR6b root@ubuntu-xenial
-----END SSH HOST KEY KEYS-----
[   41.926237] cloud-init[1390]: Cloud-init v. 0.7.9 running 'modules:final' at Wed, 21 Jun 2017 04:22:33 +0000. Up 41.51 seconds.
[   41.926753] cloud-init[1390]: ci-info: no authorized ssh keys fingerprints found for user ubuntu.
[   41.927080] cloud-init[1390]: Cloud-init v. 0.7.9 finished at Wed, 21 Jun 2017 04:22:33 +0000. Datasource DataSourceNoCloud [seed=/dev/sdb][dsmode=net].  Up 41.90 seconds

Ubuntu 16.04.2 LTS ubuntu-xenial ttyS0

ubuntu-xenial login: 