[    0.000000] Initializing cgroup subsys cpuset
[    0.000000] Initializing cgroup subsys cpu
[    0.000000] Initializing cgroup subsys cpuacct
[    0.000000] Linux version 4.4.0-81-generic (buildd@lgw01-02) (gcc version 5.4.0 20160609 (Ubuntu 5.4.0-6ubuntu1~16.04.4) ) #104-Ubuntu SMP Wed Jun 14 08:17:06 UTC 2017 (Ubuntu 4.4.0-81.104-generic 4.4.67)
[    0.000000] Command line: BOOT_IMAGE=/boot/vmlinuz-4.4.0-81-generic root=LABEL=cloudimg-rootfs ro console=tty1 console=ttyS0
[    0.000000] KERNEL supported cpus:
[    0.000000]   Intel GenuineIntel
[    0.000000]   AMD AuthenticAMD
[    0.000000]   Centaur CentaurHauls
[    0.000000] x86/fpu: xstate_offset[2]:  576, xstate_sizes[2]:  256
[    0.000000] x86/fpu: Supporting XSAVE feature 0x01: 'x87 floating point registers'
[    0.000000] x86/fpu: Supporting XSAVE feature 0x02: 'SSE registers'
[    0.000000] x86/fpu: Supporting XSAVE feature 0x04: 'AVX registers'
[    0.000000] x86/fpu: Enabled xstate features 0x7, context size is 832 bytes, using 'standard' format.
[    0.000000] x86/fpu: Using 'lazy' FPU context switches.
[    0.000000] e820: BIOS-provided physical RAM map:
[    0.000000] BIOS-e820: [mem 0x0000000000000000-0x000000000009fbff] usable
[    0.000000] BIOS-e820: [mem 0x000000000009fc00-0x000000000009ffff] reserved
[    0.000000] BIOS-e820: [mem 0x00000000000f0000-0x00000000000fffff] reserved
[    0.000000] BIOS-e820: [mem 0x0000000000100000-0x000000003ffeffff] usable
[    0.000000] BIOS-e820: [mem 0x000000003fff0000-0x000000003fffffff] ACPI data
[    0.000000] BIOS-e820: [mem 0x00000000fec00000-0x00000000fec00fff] reserved
[    0.000000] BIOS-e820: [mem 0x00000000fee00000-0x00000000fee00fff] reserved
[    0.000000] BIOS-e820: [mem 0x00000000fffc0000-0x00000000ffffffff] reserved
[    0.000000] NX (Execute Disable) protection: active
[    0.000000] SMBIOS 2.5 present.
[    0.000000] Hypervisor detected: KVM
[    0.000000] e820: last_pfn = 0x3fff0 max_arch_pfn = 0x400000000
[    0.000000] MTRR: Disabled
[    0.000000] x86/PAT: MTRRs disabled, skipping PAT initialization too.
[    0.000000] x86/PAT: Configuration [0-7]: WB  WT  UC- UC  WB  WT  UC- UC  
[    0.000000] CPU MTRRs all blank - virtualized system.
[    0.000000] found SMP MP-table at [mem 0x0009fff0-0x0009ffff] mapped at [ffff88000009fff0]
[    0.000000] Scanning 1 areas for low memory corruption
[    0.000000] RAMDISK: [mem 0x36ac6000-0x3755afff]
[    0.000000] ACPI: Early table checksum verification disabled
[    0.000000] ACPI: RSDP 0x00000000000E0000 000024 (v02 VBOX  )
[    0.000000] ACPI: XSDT 0x000000003FFF0030 00003C (v01 VBOX   VBOXXSDT 00000001 ASL  00000061)
[    0.000000] ACPI: FACP 0x000000003FFF00F0 0000F4 (v04 VBOX   VBOXFACP 00000001 ASL  00000061)
[    0.000000] ACPI: DSDT 0x000000003FFF0470 0021C8 (v02 VBOX   VBOXBIOS 00000002 INTL 20160831)
[    0.000000] ACPI: FACS 0x000000003FFF0200 000040
[    0.000000] ACPI: FACS 0x000000003FFF0200 000040
[    0.000000] ACPI: APIC 0x000000003FFF0240 00005C (v02 VBOX   VBOXAPIC 00000001 ASL  00000061)
[    0.000000] ACPI: SSDT 0x000000003FFF02A0 0001CC (v01 VBOX   VBOXCPUT 00000002 INTL 20160831)
[    0.000000] No NUMA configuration found
[    0.000000] Faking a node at [mem 0x0000000000000000-0x000000003ffeffff]
[    0.000000] NODE_DATA(0) allocated [mem 0x3ffeb000-0x3ffeffff]
[    0.000000] kvm-clock: Using msrs 4b564d01 and 4b564d00
[    0.000000] kvm-clock: cpu 0, msr 0:3ffe3001, primary cpu clock
[    0.000000] kvm-clock: using sched offset of 3983573695 cycles
[    0.000000] clocksource: kvm-clock: mask: 0xffffffffffffffff max_cycles: 0x1cd42e4dffb, max_idle_ns: 881590591483 ns
[    0.000000] Zone ranges:
[    0.000000]   DMA      [mem 0x0000000000001000-0x0000000000ffffff]
[    0.000000]   DMA32    [mem 0x0000000001000000-0x000000003ffeffff]
[    0.000000]   Normal   empty
[    0.000000]   Device   empty
[    0.000000] Movable zone start for each node
[    0.000000] Early memory node ranges
[    0.000000]   node   0: [mem 0x0000000000001000-0x000000000009efff]
[    0.000000]   node   0: [mem 0x0000000000100000-0x000000003ffeffff]
[    0.000000] Initmem setup node 0 [mem 0x0000000000001000-0x000000003ffeffff]
[    0.000000] ACPI: PM-Timer IO Port: 0x4008
[    0.000000] IOAPIC[0]: apic_id 2, version 32, address 0xfec00000, GSI 0-23
[    0.000000] ACPI: INT_SRC_OVR (bus 0 bus_irq 0 global_irq 2 dfl dfl)
[    0.000000] ACPI: INT_SRC_OVR (bus 0 bus_irq 9 global_irq 9 high level)
[    0.000000] Using ACPI (MADT) for SMP configuration information
[    0.000000] smpboot: Allowing 2 CPUs, 0 hotplug CPUs
[    0.000000] PM: Registered nosave memory: [mem 0x00000000-0x00000fff]
[    0.000000] PM: Registered nosave memory: [mem 0x0009f000-0x0009ffff]
[    0.000000] PM: Registered nosave memory: [mem 0x000a0000-0x000effff]
[    0.000000] PM: Registered nosave memory: [mem 0x000f0000-0x000fffff]
[    0.000000] e820: [mem 0x40000000-0xfebfffff] available for PCI devices
[    0.000000] Booting paravirtualized kernel on KVM
[    0.000000] clocksource: refined-jiffies: mask: 0xffffffff max_cycles: 0xffffffff, max_idle_ns: 7645519600211568 ns
[    0.000000] setup_percpu: NR_CPUS:512 nr_cpumask_bits:512 nr_cpu_ids:2 nr_node_ids:1
[    0.000000] PERCPU: Embedded 33 pages/cpu @ffff88003fc00000 s98264 r8192 d28712 u1048576
[    0.000000] PV qspinlock hash table entries: 256 (order: 0, 4096 bytes)
[    0.000000] Built 1 zonelists in Node order, mobility grouping on.  Total pages: 257913
[    0.000000] Policy zone: DMA32
[    0.000000] Kernel command line: BOOT_IMAGE=/boot/vmlinuz-4.4.0-81-generic root=LABEL=cloudimg-rootfs ro console=tty1 console=ttyS0
[    0.000000] PID hash table entries: 4096 (order: 3, 32768 bytes)
[    0.000000] Memory: 1001744K/1048120K available (8469K kernel code, 1294K rwdata, 3984K rodata, 1484K init, 1316K bss, 46376K reserved, 0K cma-reserved)
[    0.000000] SLUB: HWalign=64, Order=0-3, MinObjects=0, CPUs=2, Nodes=1
[    0.000000] Hierarchical RCU implementation.
[    0.000000] 	Build-time adjustment of leaf fanout to 64.
[    0.000000] 	RCU restricting CPUs from NR_CPUS=512 to nr_cpu_ids=2.
[    0.000000] RCU: Adjusting geometry for rcu_fanout_leaf=64, nr_cpu_ids=2
[    0.000000] NR_IRQS:33024 nr_irqs:440 16
[    0.000000] Console: colour VGA+ 80x25
[    0.000000] console [tty1] enabled
[    0.000000] console [ttyS0] enabled
[    0.000000] tsc: Detected 2394.558 MHz processor
[    0.464248] Calibrating delay loop (skipped) preset value.. 4789.11 BogoMIPS (lpj=9578232)
[    0.469132] pid_max: default: 32768 minimum: 301
[    0.471192] ACPI: Core revision 20150930
[    0.527552] ACPI: 2 ACPI AML tables successfully acquired and loaded
[    0.633793] Security Framework initialized
[    0.635704] Yama: becoming mindful.
[    0.637355] AppArmor: AppArmor initialized
[    0.639460] Dentry cache hash table entries: 131072 (order: 8, 1048576 bytes)
[    0.642708] Inode-cache hash table entries: 65536 (order: 7, 524288 bytes)
[    0.646547] Mount-cache hash table entries: 2048 (order: 2, 16384 bytes)
[    0.649100] Mountpoint-cache hash table entries: 2048 (order: 2, 16384 bytes)
[    0.657552] Initializing cgroup subsys io
[    0.659400] Initializing cgroup subsys memory
[    0.661274] Initializing cgroup subsys devices
[    0.663256] Initializing cgroup subsys freezer
[    0.665154] Initializing cgroup subsys net_cls
[    0.668250] Initializing cgroup subsys perf_event
[    0.670277] Initializing cgroup subsys net_prio
[    0.672216] Initializing cgroup subsys hugetlb
[    0.674156] Initializing cgroup subsys pids
[    0.676189] CPU: Physical Processor ID: 0
[    0.678031] CPU: Processor Core ID: 0
[    0.680539] mce: CPU supports 0 MCE banks
[    0.683503] Last level iTLB entries: 4KB 512, 2MB 8, 4MB 8
[    0.687720] Last level dTLB entries: 4KB 512, 2MB 32, 4MB 32, 1GB 0
[    0.697061] Freeing SMP alternatives memory: 32K (ffffffff820b8000 - ffffffff820c0000)
[    0.730489] ftrace: allocating 32129 entries in 126 pages
[    0.877469] smpboot: APIC(0) Converting physical 0 to logical package 0
[    0.995554] smpboot: Max logical packages: 1
[    0.999171] x2apic enabled
[    1.001146] Switched APIC routing to physical x2apic.
[    1.010292] ..TIMER: vector=0x30 apic1=0 pin1=2 apic2=-1 pin2=-1
[    1.117923] smpboot: CPU0: Intel(R) Core(TM) i7-3630QM CPU @ 2.40GHz (family: 0x6, model: 0x3a, stepping: 0x9)
[    1.400545] Performance Events: unsupported p6 CPU model 58 no PMU driver, software events only.
[    1.650482] KVM setup paravirtual spinlock
[    1.720120] x86: Booting SMP configuration:
[    1.723565] .... node  #0, CPUs:      #1
[    1.726049] kvm-clock: cpu 1, msr 0:3ffe3041, secondary cpu clock
[    1.732116] mce: CPU supports 0 MCE banks
[    1.735116] x86: Booted up 1 node, 2 CPUs
[    1.737905] smpboot: Total of 2 processors activated (9578.23 BogoMIPS)
[    1.742133] devtmpfs: initialized
[    1.748226] evm: security.selinux
[    1.750318] evm: security.SMACK64
[    1.752306] evm: security.SMACK64EXEC
[    1.754456] evm: security.SMACK64TRANSMUTE
[    1.756717] evm: security.SMACK64MMAP
[    1.759954] evm: security.ima
[    1.761815] evm: security.capability
[    1.764406] clocksource: jiffies: mask: 0xffffffff max_cycles: 0xffffffff, max_idle_ns: 7645041785100000 ns
[    1.769656] futex hash table entries: 512 (order: 3, 32768 bytes)
[    1.773177] pinctrl core: initialized pinctrl subsystem
[    1.776329] RTC time:  4:13:55, date: 06/21/17
[    1.780177] NET: Registered protocol family 16
[    1.793860] cpuidle: using governor ladder
[    1.805994] cpuidle: using governor menu
[    1.808262] PCCT header not found.
[    1.810529] ACPI: bus type PCI registered
[    1.812824] acpiphp: ACPI Hot Plug PCI Controller Driver version: 0.5
[    1.816300] PCI: Using configuration type 1 for base access
[    1.834942] ACPI: Added _OSI(Module Device)
[    1.838396] ACPI: Added _OSI(Processor Device)
[    1.840774] ACPI: Added _OSI(3.0 _SCP Extensions)
[    1.844471] ACPI: Added _OSI(Processor Aggregator Device)
[    1.848951] ACPI: Executed 1 blocks of module-level executable AML code
[    1.858354] ACPI: Interpreter enabled
[    1.861627] ACPI: (supports S0 S5)
[    1.868971] ACPI: Using IOAPIC for interrupt routing
[    1.872099] PCI: Using host bridge windows from ACPI; if necessary, use "pci=nocrs" and report a bug
[    1.886087] ACPI: PCI Root Bridge [PCI0] (domain 0000 [bus 00-ff])
[    1.890432] acpi PNP0A03:00: _OSC: OS supports [ASPM ClockPM Segments MSI]
[    1.893807] acpi PNP0A03:00: _OSC failed (AE_NOT_FOUND); disabling ASPM
[    1.897135] acpi PNP0A03:00: fail to add MMCONFIG information, can't access extended PCI configuration space under this bridge.
[    1.903719] PCI host bridge to bus 0000:00
[    1.906004] pci_bus 0000:00: root bus resource [io  0x0000-0x0cf7 window]
[    1.909426] pci_bus 0000:00: root bus resource [io  0x0d00-0xffff window]
[    1.912836] pci_bus 0000:00: root bus resource [mem 0x000a0000-0x000bffff window]
[    1.916964] pci_bus 0000:00: root bus resource [mem 0x40000000-0xffdfffff window]
[    1.921054] pci_bus 0000:00: root bus resource [bus 00-ff]
[    1.928482] pci 0000:00:01.1: legacy IDE quirk: reg 0x10: [io  0x01f0-0x01f7]
[    1.931997] pci 0000:00:01.1: legacy IDE quirk: reg 0x14: [io  0x03f6]
[    1.936292] pci 0000:00:01.1: legacy IDE quirk: reg 0x18: [io  0x0170-0x0177]
[    1.940819] pci 0000:00:01.1: legacy IDE quirk: reg 0x1c: [io  0x0376]
[    1.981980] pci 0000:00:07.0: quirk: [io  0x4000-0x403f] claimed by PIIX4 ACPI
[    1.986368] pci 0000:00:07.0: quirk: [io  0x4100-0x410f] claimed by PIIX4 SMB
[    2.011066] ACPI: PCI Interrupt Link [LNKA] (IRQs 5 9 10 *11)
[    2.056307] ACPI: PCI Interrupt Link [LNKB] (IRQs 5 9 10 *11)
[    2.188379] ACPI: PCI Interrupt Link [LNKC] (IRQs 5 9 *10 11)
[    2.337086] ACPI: PCI Interrupt Link [LNKD] (IRQs 5 *9 10 11)
[    2.487743] ACPI: Enabled 2 GPEs in block 00 to 07
[    2.614115] vgaarb: setting as boot device: PCI:0000:00:02.0
[    2.779177] vgaarb: device added: PCI:0000:00:02.0,decodes=io+mem,owns=io+mem,locks=none
[    3.016302] vgaarb: loaded
[    3.047672] vgaarb: bridge control possible 0000:00:02.0
[    3.058283] SCSI subsystem initialized
[    3.068143] ACPI: bus type USB registered
[    3.081806] usbcore: registered new interface driver usbfs
[    3.085241] usbcore: registered new interface driver hub
[    3.093057] usbcore: registered new device driver usb
[    3.110213] PCI: Using ACPI for IRQ routing
[    3.112829] NetLabel: Initializing
[    3.133348] NetLabel:  domain hash size = 128
[    3.141149] NetLabel:  protocols = UNLABELED CIPSOv4
[    3.145365] NetLabel:  unlabeled traffic allowed by default
[    3.151699] amd_nb: Cannot enumerate AMD northbridges
[    3.157540] clocksource: Switched to clocksource kvm-clock
[    3.176275] AppArmor: AppArmor Filesystem Enabled
[    3.187530] pnp: PnP ACPI init
[    3.190836] pnp: PnP ACPI: found 3 devices
[    3.208969] clocksource: acpi_pm: mask: 0xffffff max_cycles: 0xffffff, max_idle_ns: 2085701024 ns
[    3.212728] NET: Registered protocol family 2
[    3.214954] TCP established hash table entries: 8192 (order: 4, 65536 bytes)
[    3.217646] TCP bind hash table entries: 8192 (order: 5, 131072 bytes)
[    3.220129] TCP: Hash tables configured (established 8192 bind 8192)
[    3.223553] UDP hash table entries: 512 (order: 2, 16384 bytes)
[    3.225896] UDP-Lite hash table entries: 512 (order: 2, 16384 bytes)
[    3.228382] NET: Registered protocol family 1
[    3.230268] pci 0000:00:00.0: Limiting direct PCI/PCI transfers
[    3.232656] pci 0000:00:01.0: Activating ISA DMA hang workarounds
[    3.317586] Unpacking initramfs...
[    7.718154] Freeing initrd memory: 10836K (ffff880036ac6000 - ffff88003755b000)
[    7.726996] RAPL PMU detected, API unit is 2^-32 Joules, 3 fixed counters 10737418240 ms ovfl timer
[    7.730713] hw unit of domain pp0-core 2^-0 Joules
[    7.736591] hw unit of domain package 2^-0 Joules
[    7.758776] hw unit of domain pp1-gpu 2^-0 Joules
[    7.760920] platform rtc_cmos: registered platform RTC device (no PNP device found)
[    7.764413] Scanning for low memory corruption every 60 seconds
[    7.769070] audit: initializing netlink subsys (disabled)
[    8.207594] audit: type=2000 audit(1498018445.642:1): initialized
[    8.418327] Initialise system trusted keyring
[    8.707040] HugeTLB registered 2 MB page size, pre-allocated 0 pages
[    8.867927] tsc: Refined TSC clocksource calibration: 2395.045 MHz
[    8.870771] clocksource: tsc: mask: 0xffffffffffffffff max_cycles: 0x2285eeb86e8, max_idle_ns: 440795277288 ns
[    8.904410] zbud: loaded
[    8.906621] VFS: Disk quotas dquot_6.6.0
[    8.915720] VFS: Dquot-cache hash table entries: 512 (order 0, 4096 bytes)
[    8.919032] squashfs: version 4.0 (2009/01/31) Phillip Lougher
[    8.922263] fuse init (API version 7.23)
[    8.938564] Key type big_key registered
[    8.940321] Allocating IMA MOK and blacklist keyrings.
[    8.945875] Key type asymmetric registered
[    8.947683] Asymmetric key parser 'x509' registered
[    8.949823] Block layer SCSI generic (bsg) driver version 0.4 loaded (major 249)
[    8.953238] io scheduler noop registered
[    8.955094] io scheduler deadline registered (default)
[    8.957286] io scheduler cfq registered
[    8.960905] pci_hotplug: PCI Hot Plug PCI Core version: 0.5
[    9.267594] pciehp: PCI Express Hot Plug Controller Driver version: 0.4
[    9.498936] ACPI: AC Adapter [AC] (on-line)
[    9.607828] input: Power Button as /devices/LNXSYSTM:00/LNXPWRBN:00/input/input0
[    9.689235] ACPI: Power Button [PWRF]
[    9.727969] input: Sleep Button as /devices/LNXSYSTM:00/LNXSLPBN:00/input/input1
[    9.731180] ACPI: Sleep Button [SLPF]
[    9.734793] ACPI: Battery Slot [BAT0] (battery present)
[    9.737031] GHES: HEST is not enabled!
[    9.740244] Serial: 8250/16550 driver, 32 ports, IRQ sharing enabled
[    9.766900] 00:02: ttyS0 at I/O 0x3f8 (irq = 4, base_baud = 115200) is a 16550A
[    9.772846] Linux agpgart interface v0.103
[    9.779035] loop: module loaded
[    9.782069] scsi host0: ata_piix
[    9.783941] scsi host1: ata_piix
[    9.785598] ata1: PATA max UDMA/33 cmd 0x1f0 ctl 0x3f6 bmdma 0xd000 irq 14
[    9.796240] ata2: PATA max UDMA/33 cmd 0x170 ctl 0x376 bmdma 0xd008 irq 15
[    9.799172] libphy: Fixed MDIO Bus: probed
[    9.801043] tun: Universal TUN/TAP device driver, 1.6
[    9.808252] tun: (C) 1999-2004 Max Krasnyansky <maxk@qualcomm.com>
[    9.810759] PPP generic driver version 2.4.2
[    9.812728] ehci_hcd: USB 2.0 'Enhanced' Host Controller (EHCI) Driver
[    9.815280] ehci-pci: EHCI PCI platform driver
[    9.817244] ehci-platform: EHCI generic platform driver
[    9.819449] ohci_hcd: USB 1.1 'Open' Host Controller (OHCI) Driver
[    9.821821] ohci-pci: OHCI PCI platform driver
[    9.823791] ohci-platform: OHCI generic platform driver
[    9.825930] uhci_hcd: USB Universal Host Controller Interface driver
[    9.828592] i8042: PNP: PS/2 Controller [PNP0303:PS2K,PNP0f03:PS2M] at 0x60,0x64 irq 1,12
[    9.833121] serio: i8042 KBD port at 0x60,0x64 irq 1
[    9.835247] serio: i8042 AUX port at 0x60,0x64 irq 12
[    9.837621] mousedev: PS/2 mouse device common for all mice
[    9.840836] rtc_cmos rtc_cmos: rtc core: registered rtc_cmos as rtc0
[    9.844771] rtc_cmos rtc_cmos: alarms up to one day, 114 bytes nvram
[    9.847359] i2c /dev entries driver
[    9.849097] input: AT Translated Set 2 keyboard as /devices/platform/i8042/serio0/input/input2
[    9.853032] device-mapper: uevent: version 1.0.3
[    9.855413] device-mapper: ioctl: 4.34.0-ioctl (2015-10-28) initialised: dm-devel@redhat.com
[    9.859057] ledtrig-cpu: registered to indicate activity on CPUs
[    9.862964] NET: Registered protocol family 10
[    9.865371] NET: Registered protocol family 17
[    9.867393] Key type dns_resolver registered
[    9.869779] microcode: CPU0 sig=0x306a9, pf=0x2, revision=0x19
[    9.872147] microcode: CPU1 sig=0x306a9, pf=0x2, revision=0x19
[    9.874697] microcode: Microcode Update Driver: v2.01 <tigran@aivazian.fsnet.co.uk>, Peter Oruba
[    9.879437] registered taskstats version 1
[    9.881261] Loading compiled-in X.509 certificates
[    9.885103] Loaded X.509 cert 'Build time autogenerated kernel key: 4e3fcaabc4148de0b198d1fb3d36a6c6d4cf062b'
[    9.889175] zswap: loaded using pool lzo/zbud
[    9.899277] Key type trusted registered
[    9.908164] Key type encrypted registered
[    9.910015] AppArmor: AppArmor sha1 policy hashing enabled
[    9.912192] ima: No TPM chip found, activating TPM-bypass!
[    9.914437] evm: HMAC attrs: 0x1
[    9.916693]   Magic number: 5:168:212
[    9.918625] rtc_cmos rtc_cmos: setting system clock to 2017-06-21 04:14:03 UTC (1498018443)
[    9.922513] BIOS EDD facility v0.16 2004-Jun-25, 0 devices found
[    9.924847] EDD information not available.
[    9.956552] Freeing unused kernel memory: 1484K (ffffffff81f45000 - ffffffff820b8000)
[    9.965303] Write protecting the kernel read-only data: 14336k
[    9.969055] Freeing unused kernel memory: 1760K (ffff880001848000 - ffff880001a00000)
[    9.974311] Freeing unused kernel memory: 112K (ffff880001de4000 - ffff880001e00000)
Loading, please wait...
starting version[   10.010745] random: systemd-udevd: uninitialized urandom read (16 bytes read, 3 bits of entropy available)
 229
[   10.011950] random: udevadm: uninitialized urandom read (16 bytes read, 3 bits of entropy available)
[   10.012043] random: udevadm: uninitialized urandom read (16 bytes read, 3 bits of entropy available)
[   10.012377] random: udevadm: uninitialized urandom read (16 bytes read, 3 bits of entropy available)
[   10.012504] random: udevadm: uninitialized urandom read (16 bytes read, 3 bits of entropy available)
[   10.012620] random: udevadm: uninitialized urandom read (16 bytes read, 3 bits of entropy available)
[   10.012734] random: udevadm: uninitialized urandom read (16 bytes read, 3 bits of entropy available)
[   10.012876] random: udevadm: uninitialized urandom read (16 bytes read, 3 bits of entropy available)
[   10.012993] random: udevadm: uninitialized urandom read (16 bytes read, 3 bits of entropy available)
[   10.013107] random: udevadm: uninitialized urandom read (16 bytes read, 3 bits of entropy available)
[   10.272909] e1000: Intel(R) PRO/1000 Network Driver - version 7.3.21-k8-NAPI
[   10.328537] e1000: Copyright (c) 1999-2006 Intel Corporation.
[   10.351663] Fusion MPT base driver 3.04.20
[   10.406894] Copyright (c) 1999-2008 LSI Corporation
[   10.561988] input: ImExPS/2 Generic Explorer Mouse as /devices/platform/i8042/serio1/input/input4
[   10.758744] AVX version of gcm_enc/dec engaged.
[   10.762144] AES CTR mode by8 optimization enabled
[   10.766196] Fusion MPT SPI Host driver 3.04.20
[   11.167630] e1000 0000:00:03.0 eth0: (PCI:33MHz:32-bit) 02:e7:04:e9:f2:54
[   11.186923] e1000 0000:00:03.0 eth0: Intel(R) PRO/1000 Network Connection
[   11.623330] e1000 0000:00:08.0 eth1: (PCI:33MHz:32-bit) 08:00:27:dc:7d:06
[   11.634235] e1000 0000:00:08.0 eth1: Intel(R) PRO/1000 Network Connection
[   11.647464] e1000 0000:00:03.0 enp0s3: renamed from eth0
[   11.668443] mptbase: ioc0: Initiating bringup
[   11.686391] e1000 0000:00:08.0 enp0s8: renamed from eth1
[   11.746171] ioc0: LSI53C1030 A0: Capabilities={Initiator}
[   12.126273] scsi host2: ioc0: LSI53C1030 A0, FwRev=00000000h, Ports=1, MaxQ=256, IRQ=20
[   12.294404] scsi 2:0:0:0: Direct-Access     VBOX     HARDDISK         1.0  PQ: 0 ANSI: 5
[   12.341362] scsi target2:0:0: Beginning Domain Validation
[   12.347203] scsi target2:0:0: Domain Validation skipping write tests
[   12.379918] scsi target2:0:0: Ending Domain Validation
[   12.386232] scsi target2:0:0: asynchronous
[   12.609316] scsi 2:0:1:0: Direct-Access     VBOX     HARDDISK         1.0  PQ: 0 ANSI: 5
[   13.368400] scsi target2:0:1: Beginning Domain Validation
[   13.501913] scsi target2:0:1: Domain Validation skipping write tests
[   13.510075] scsi target2:0:1: Ending Domain Validation
[   13.538653] scsi target2:0:1: asynchronous
[   13.545731] floppy0: no floppy controllers found
[   13.568900] sd 2:0:0:0: Attached scsi generic sg0 type 0
[   13.671136] sd 2:0:0:0: [sda] 20971520 512-byte logical blocks: (10.7 GB/10.0 GiB)
[   14.029470] sd 2:0:1:0: [sdb] 20480 512-byte logical blocks: (10.5 MB/10.0 MiB)
[   14.042029] sd 2:0:1:0: Attached scsi generic sg1 type 0
[   14.578994] sd 2:0:0:0: [sda] Write Protect is off
[   14.587733] sd 2:0:0:0: [sda] Incomplete mode parameter data
[   14.587820] sd 2:0:1:0: [sdb] Write Protect is off
[   14.592301] sd 2:0:0:0: [sda] Assuming drive cache: write through
[   14.592394] sd 2:0:1:0: [sdb] Incomplete mode parameter data
[   14.592397] sd 2:0:1:0: [sdb] Assuming drive cache: write through
[   14.698645]  sda: sda1
[   14.727534] sd 2:0:0:0: [sda] Attached SCSI disk
[   14.814430] sd 2:0:1:0: [sdb] Attached SCSI disk
Begin: Loading e[   16.632083] md: linear personality registered for level -1
ssential drivers ... [   16.826238] md: multipath personality registered for level -4
[   16.842199] md: raid0 personality registered for level 0
[   16.884244] md: raid1 personality registered for level 1
[   16.966575] raid6: sse2x1   gen()  3329 MB/s
[   17.057568] raid6: sse2x1   xor()  2402 MB/s
[   17.226546] raid6: sse2x2   gen()  3983 MB/s
[   17.616670] raid6: sse2x2   xor()  3078 MB/s
[   17.746563] raid6: sse2x4   gen()  4704 MB/s
[   18.136606] raid6: sse2x4   xor()  3650 MB/s
[   18.139861] raid6: using algorithm sse2x4 gen() 4704 MB/s
[   18.142084] raid6: .... xor() 3650 MB/s, rmw enabled
[   18.144186] raid6: using ssse3x2 recovery algorithm
[   18.150633] xor: automatically using best checksumming function:
[   18.197611]    avx       :  6544.000 MB/sec
[   18.207421] async_tx: api initialized (async)
[   18.227204] md: raid6 personality registered for level 6
[   18.697617] md: raid5 personality registered for level 5
[   18.947539] md: raid4 personality registered for level 4
[   19.152170] md: raid10 personality registered for level 10
done.
Begin: Running /scripts/init-premount ... done.
Begin: Mounting root file system ... Begin: Running /scripts/local-top ... done.
Begin: Running /scripts/local-premount ... [   19.358563] Btrfs loaded
Scanning for Btrfs filesystems
done.
Warning: fsck not present, so skipping root file system
[   19.574950] EXT4-fs (sda1): mounted filesystem with ordered data mode. Opts: (null)
done.
Begin: Running /scripts/local-bottom ... done.
Begin: Running /scripts/init-bottom ... done.
[   20.475999] systemd[1]: systemd 229 running in system mode. (+PAM +AUDIT +SELINUX +IMA +APPARMOR +SMACK +SYSVINIT +UTMP +LIBCRYPTSETUP +GCRYPT +GNUTLS +ACL +XZ -LZ4 +SECCOMP +BLKID +ELFUTILS +KMOD -IDN)
[   20.539651] systemd[1]: Detected virtualization oracle.
[   20.937634] systemd[1]: Detected architecture x86-64.

Welcome to [1mUbuntu 16.04.2 LTS[0m!

[   21.475120] systemd[1]: Set hostname to <ubuntu>.
[   21.574978] random: nonblocking pool is initialized
[   21.590244] systemd[1]: Initializing machine ID from random generator.
[   21.599868] systemd[1]: Installed transient /etc/machine-id file.
[   22.447879] systemd[1]: Created slice System Slice.
[[0;32m  OK  [0m] Created slice System Slice.
[   22.728119] systemd[1]: Reached target Encrypted Volumes.
[[0;32m  OK  [0m] Reached target Encrypted Volumes.
[   22.741989] systemd[1]: Reached target Swap.
[[0;32m  OK  [0m] Reached target Swap.
[   22.746692] systemd[1]: Listening on Journal Audit Socket.
[[0;32m  OK  [0m] Listening on Journal Audit Socket.
[   22.751917] systemd[1]: Started Trigger resolvconf update for networkd DNS.
[[0;32m  OK  [0m] Started Trigger resolvconf update for networkd DNS.
[   22.760108] systemd[1]: Listening on LVM2 metadata daemon socket.
[[0;32m  OK  [0m] Listening on LVM2 metadata daemon socket.
[   22.778969] systemd[1]: Created slice User and Session Slice.
[[0;32m  OK  [0m] Created slice User and Session Slice.
[   23.358157] systemd[1]: Reached target Slices.
[[0;32m  OK  [0m] Reached target Slices.
[   23.801105] systemd[1]: Listening on udev Kernel Socket.
[[0;32m  OK  [0m] Listening on udev Kernel Socket.
[   23.806649] systemd[1]: Created slice system-serial\x2dgetty.slice.
[[0;32m  OK  [0m] Created slice system-serial\x2dgetty.slice.
[   23.812073] systemd[1]: Listening on udev Control Socket.
[[0;32m  OK  [0m] Listening on udev Control Socket.
[   23.816894] systemd[1]: Listening on LVM2 poll daemon socket.
[[0;32m  OK  [0m] Listening on LVM2 poll daemon socket.
[   23.854103] systemd[1]: Listening on /dev/initctl Compatibility Named Pipe.
[[0;32m  OK  [0m] Listening on /dev/initctl Compatibility Named Pipe.
[   23.873345] systemd[1]: Listening on Journal Socket.
[[0;32m  OK  [0m] Listening on Journal Socket.
[   23.901972] systemd[1]: Starting Uncomplicated firewall...
         Starting Uncomplicated firewall...
[   23.951938] systemd[1]: Starting Set console keymap...
         Starting Set console keymap...
[   24.242856] systemd[1]: Starting Remount Root and Kernel File Systems...
         Starting Remount Root and Kernel File Systems...
[   24.252094] systemd[1]: Starting Nameserver information manager...
         Starting Nameserver information manager...
[   24.263193] systemd[1]: Mounting Debug File System...
         Mounting Debug File System...
[   24.282286] EXT4-fs (sda1): re-mounted. Opts: (null)
[   24.333929] systemd[1]: Starting Load Kernel Modules...
[   24.388753] Loading iSCSI transport class v2.0-870.
         Starting Load Kernel Modules...
[   24.845146] iscsi: registered transport (tcp)
[   24.974071] systemd[1]: Mounting POSIX Message Queue File System...
         Mounting POSIX Message Queue File System...
[   25.047356] systemd[1]: Listening on Journal Socket (/dev/log).
[[0;32m  OK  [0m] Listening on Journal Socket (/dev/log).
[   25.110223] systemd[1]: Starting Create list of required static device nodes for the current kernel...
         Starting Create list of required st... nodes for the current kernel...
[   25.130177] systemd[1]: Set up automount Arbitrary Executable File Formats File System Automount Point.
[[0;32m  OK  [0m] Set up automount Arbitrary Executab...ats Fi[   26.074031] iscsi: registered transport (iser)
le System Automount Point.
[   26.199337] systemd[1]: Reached target User and Group Name Lookups.
[[0;32m  OK  [0m] Reached target User and Group Name Lookups.
[   26.243637] systemd[1]: Listening on Syslog Socket.
[[0;32m  OK  [0m] Listening on Syslog Socket.
[   26.281994] systemd[1]: Starting Journal Service...
         Starting Journal Service...
[   26.318172] systemd[1]: Started Forward Password Requests to Wall Directory Watch.
[[0;32m  OK  [0m] Started Forward Password Requests to Wall Directory Watch.
[   26.591067] systemd[1]: Mounting Huge Pages File System...
         Mounting Huge Pages File System...
[   26.721052] systemd[1]: Listening on Device-mapper event daemon FIFOs.
[[0;32m  OK  [0m] Listening on Device-mapper event daemon FIFOs.
[   26.728745] systemd[1]: Starting Monitoring of LVM2 mirrors, snapshots etc. using dmeventd or progress polling...
         Starting Monitoring of LVM2 mirrors... dmeventd or progress polling...
[   26.784115] systemd[1]: Mounted Huge Pages File System.
[[0;32m  OK  [0m] Mounted Huge Pages File System.
[   26.820850] systemd[1]: Mounted Debug File System.
[[0;32m  OK  [0m] Mounted Debug File System.
[   26.830894] systemd[1]: Mounted POSIX Message Queue File System.
[[0;32m  OK  [0m] Mounted POSIX Message Queue File System.
[   26.837919] systemd[1]: Started Journal Service.
[[0;32m  OK  [0m] Started Journal Service.
[[0;32m  OK  [0m] Started Uncomplicated firewall.
[[0;32m  OK  [0m] Started Set console keymap.
[[0;32m  OK  [0m] Started Remount Root and Kernel File Systems.
[[0;32m  OK  [0m] Started Load Kernel Modules.
[[0;32m  OK  [0m] Started Create list of required sta...ce nodes for the current kernel.
[[0;32m  OK  [0m] Started Nameserver information manager.
[[0;32m  OK  [0m] Started LVM2 metadata daemon.
         Starting Create Static Device Nodes in /dev...
         Starting Apply Kernel Variables...
         Mounting FUSE Control File System...
         Starting Load/Save Random Seed...
         Starting Initial cloud-init job (pre-networking)...
         Starting udev Coldplug all Devices...
         Starting Flush Journal to Persistent Storage...
[[0;32m  OK  [0m] Mounted FUSE Control File System.
[[0;32m  OK  [0m] Started Load/Save Random Seed.
[[0;32m  OK  [0m] Started Apply Kernel Variables.
[[0;32m  OK  [0m] Started Flush Journal to Persistent Storage.
[[0;32m  OK  [0m] Started udev Coldplug all Devices.
[[0;32m  OK  [0m] Started Create Static Device Nodes in /dev.
         Starting udev Kernel Device Manager...
[[0;32m  OK  [0m] Started Monitoring of LVM2 mirrors,...ng dmeventd or progress polling.
[[0;32m  OK  [0m] Started udev Kernel Device Manager.
[[0;32m  OK  [0m] Reached target Local File Systems (Pre).
[[0;32m  OK  [0m] Reached target Local File Systems.
         Starting LSB: AppArmor initialization...
         Starting Tell Plymouth To Write Out Runtime Data...
         Starting Create Volatile Files and Directories...
         Starting Commit a transient machine-id on disk...
         Starting Set console font and keymap...
[[0;32m  OK  [0m] Started Dispatch Password Requests to Console Directory Watch.
[[0;32m  OK  [0m] Started Commit a transient machine-id on disk.
[[0;32m  OK  [0m] Started Tell Plymouth To Write Out Runtime Data.
[[0;32m  OK  [0m] Started Create Volatile Files and Directories.
[[0;32m  OK  [0m] Found device /dev/ttyS0.
         Starting Update UTMP about System Boot/Shutdown...
[[0;32m  OK  [0m] Reached target System Time Synchronized.
[[0;32m  OK  [0m] Started Update UTMP about System Boot/Shutdown.
[[0;32m  OK  [0m] Listening on Load/Save RF Kill Switch Status /dev/rfkill Watch.
[[0;32m  OK  [0m] Started Set console font and keymap.
[[0;32m  OK  [0m] Created slice system-getty.slice.
[[0;32m  OK  [0m] Started LSB: AppArmor initialization.
[   30.650879] cloud-init[440]: Cloud-init v. 0.7.9 running 'init-local' at Wed, 21 Jun 2017 04:14:25 +0000. Up 29.71 seconds.
[[0;32m  OK  [0m] Started Initial cloud-init job (pre-networking).
[[0;32m  OK  [0m] Reached target Network (Pre).
         Starting Raise network interfaces...
[[0;32m  OK  [0m] Started Raise network interfaces.
[[0;32m  OK  [0m] Reached target Network.
         Starting Initial cloud-init job (metadata service crawler)...
[   33.830301] cloud-init[939]: Cloud-init v. 0.7.9 running 'init' at Wed, 21 Jun 2017 04:14:28 +0000. Up 32.02 seconds.
[   33.908950] cloud-init[939]: ci-info: +++++++++++++++++++++++++++++++++++++Net device info++++++++++++++++++++++++++++++++++++++
[   33.961057] cloud-init[939]: ci-info: +--------+-------+---------------------------+---------------+-------+-------------------+
[   33.961818] cloud-init[939]: ci-info: | Device |   Up  |          Address          |      Mask     | Scope |     Hw-Address    |
[[0;32m  OK  [0m] Started Initial cloud-init job (metadata service crawler).
[   33.962112] cloud-init[939]: ci-info: +--------+-------+---------------------------+---------------+-------+-------------------+
[   34.033349] cloud-init[939]: ci-info: | enp0s8 | False |             .             |       .       |   .   | 08:00:27:dc:7d:06 |
[   34.088832] cloud-init[939]: ci-info: |   lo   |  True |         127.0.0.1         |   255.0.0.0   |   .   |         .         |
[   34.089603] cloud-init[939]: ci-info: |   lo   |  True |          ::1/128          |       .       |  host |         .         |
[[0;32m  OK  [0m] Reached target Network is Online.
[   34.089979] cloud-init[939]: ci-info: | enp0s3 |  True |         10.0.2.15         | 255.255.255.0 |   .   | 02:e7:04:e9:f2:54 |
[   34.296525] cloud-init[939]: ci-info: | enp0s3 |  True | fe80::e7:4ff:fee9:f254/64 |       .       |  link | 02:e7:04:e9:f2:54 |
[   34.297548] cloud-init[939]: ci-info: +--------+-------+---------------------------+---------------+-------+-------------------+
[   34.297884] cloud-init[939]: ci-info: +++++++++++++++++++++++++++Route IPv4 info++++++++++++++++++++++++++++
[   34.298259] cloud-init[939]: ci-info: +-------+-------------+----------+---------------+-----------+-------+
[   34.299058] cloud-init[939]: ci-info: | Route | Destination | Gateway  |    Genmask    | Interface | Flags |
[   34.299420] cloud-init[939]: ci-info: +-------+-------------+----------+---------------+-----------+-------+
[   34.299772] cloud-init[939]: ci-info: |   0   |   0.0.0.0   | 10.0.2.2 |    0.0.0.0    |   enp0s3  |   UG  |
[   34.299935] cloud-init[939]: ci-info: |   1   |   10.0.2.0  | 0.0.0.0  | 255.255.255.0 |   enp0s3  |   U   |
[   34.300201] cloud-init[939]: ci-info: +-------+-------------+----------+---------------+-----------+-------+
[   34.300322] cloud-init[939]: Generating public/private rsa key pair.
[   34.300460] cloud-init[939]: Your identification has been saved in /etc/ssh/ssh_host_rsa_key.
[   34.300591] cloud-init[939]: Your public key has been saved in /etc/ssh/ssh_host_rsa_key.pub.
[   34.300749] cloud-init[939]: The key fingerprint is:
[   34.300900] cloud-init[939]: SHA256:4plkbyY730NY4FwbLjn9LDbOTi+F09TdEA/zji2ceJ8 root@ubuntu-xenial
[   34.301094] cloud-init[939]: The key's randomart image is:
[   34.301531] cloud-init[939]: +---[RSA 2048]----+
[   34.302414] cloud-init[939]: |              +. |
[   34.302779] cloud-init[939]: |        . o   .= |
[   34.303120] cloud-init[939]: |       o * o . o+|
[   34.303258] cloud-init[939]: |        * = .o.=o|
         Starting iSCSI initiator daemon (iscsid)...
[[   34.304147] cloud-init[939]: |      + S= *. * o|
[0;32m  OK  [0m[   34.417465] ] cloud-initReached target System Initialization.[939]: 
|     + =. B =. o.|
[   34.496806] cloud-init[939]: |      = +=.=   E.|
[   34.497608] cloud-init[939]: |      .= o=.     |
[[0;32m  OK  [0m] Listening on ACPID Listen Socket.
[[   34.498023] cloud-init[939]: |      .o..oo.    |
[   34.548030] cloud-init[939]: +----[SHA256]-----+
[   34.548785] cloud-init[939]: Generating public/private dsa key pair.
[   34.549080] cloud-init[939]: Your identification has been saved in /etc/ssh/ssh_host_dsa_key.
[   34.549338] cloud-init[939]: Your public key has been saved in /etc/ssh/ssh_host_dsa_key.pub.
[   34.549614] cloud-init[939]: The key fingerprint is:
[   34.549894] cloud-init[939]: SHA256:Gk72b1h011ExweFXZCFqwOX09iHHtqLF7lebybUrcfg root@ubuntu-xenial
[   34.550170] cloud-init[939]: The key's randomart image is:
[   34.550449] cloud-init[939]: +---[DSA 1024]----+
[   34.550725] cloud-init[939]: |        ...o ..B@|
[   34.551004] cloud-init[939]: |         .+ o ++o|
[   34.551292] cloud-init[939]: |           + + Bo|
[   34.551559] cloud-init[939]: |          o + * =|
[0;32m  OK  [0m] Listening on D-Bus System Message Bus Socket.
[   34.551834] cloud-init[939]: |      + S. . =.o |
[   34.992748] cloud-init[939]: |     + +  . +o..o|
[   34.993533] cloud-init[939]: |      o .o . .= B|
[[0;32m  OK  [0m] Started Timer to automatically refresh installed snaps.
         Starting Socket activation for snappy daemon.
[   34.993917] cloud-init[939]: |        ... .. E |
[   35.164712] cloud-init[939]: |         ..  .o..|
[   35.165504] cloud-init[939]: +----[SHA256]-----+
[[0;32m  OK  [0m] Started Daily apt activities.
[   35.165863] cloud-init[939]: Generating public/private ecdsa key pair.
[   35.277762] cloud-init[939]: Your identification has been saved in /etc/ssh/ssh_host_ecdsa_key.
[[0;32m  OK  [0m] Started Daily Cleanup of Temporary Directories.
[[   35.278066] cloud-init[939]: Your public key has been saved in /etc/ssh/ssh_host_ecdsa_key.pub.[0;32m  OK  [0m
] Reached target Timers.
[   35.446304] cloud-init[939]: The key fingerprint is:
[[   35.465787] cloud-init[939]: SHA256:yxmezlFmpm6Aw4OXFdzmobFjm4IAMVwCsjo3/c6phKY root@ubuntu-xenial
[   35.466934] cloud-init[939]: The key's randomart image is:
[   35.467378] cloud-init[939]: +---[ECDSA 256]---+
[   35.467822] cloud-init[939]: |Bo.. . .         |
[   35.468781] cloud-init[939]: |o+.   + +        |
[   35.469219] cloud-init[939]: |o      B .       |
[   35.469681] cloud-init[939]: |o  .  * .        |
[   35.470136] cloud-init[939]: |o.o+.= +S =      |
[   35.470547] cloud-init[939]: | oooO.+o @       |
[   35.471481] cloud-init[939]: |  o..+..O        |
[0;32m  OK  [0m] [   35.471975] Started ACPI Events Check.cloud-init
[939]: | o . o =..       |
[   35.488455] cloud-init[939]: |E   ..+.+        |
[   35.488870] cloud-init[939]: +----[SHA256]-----+
[[0;32m  OK  [0m] Reached target Paths.
[   35.489305] cloud-init[939]: [Generating public/private ed25519 key pair.
[0;32m  OK  [0m[   35.497908] cloud-init[939]: ] Your identification has been saved in /etc/ssh/ssh_host_ed25519_key.Listening on UUID daemon activation socket.

[   35.499454] cloud-init[939]: Your public key has been saved in /etc/ssh/ssh_host_ed25519_key.pub.
[   35.515238] cloud-init[939]: The key fingerprint is:
[   35.518271] cloud-init[939]: SHA256:X2CEI47GARqG0ECtmooCawJd2aQdEYkkIYskAMlAzno root@ubuntu-xenial
[   35.522503] cloud-init[939]: The key's randomart image is:
[   35.528396] cloud-init[939]: +--[ED25519 256]--+
[   35.528986] cloud-init[939]: |^O=+..o+ ..      |
[   35.529433] cloud-init[939]: |X*.oo = o.       |
[   35.529913] cloud-init[939]: |+o.. X o .o      |
[   35.530411] cloud-init[939]: |..  B +  . .     |
[   35.530815] cloud-init[939]: |ooEo    S   .    |
[   35.531250] cloud-init[939]: |=..      . .     |
[   35.531697] cloud-init[939]: |=.        .      |
[   35.532686] cloud-init[939]: |*.               |
[   35.533113] cloud-init[939]: |+                |
[   35.533558] cloud-init[939]: +----[SHA256]-----+
         Starting LXD - unix socket.
[[0;32m  OK  [0m] Reached target Cloud-config availability.
[[0;32m  OK  [0m] Listening on Socket activation for snappy daemon.
[[0;32m  OK  [0m] Listening on LXD - unix socket.
[[0;32m  OK  [0m] Reached target Sockets.
[[0;32m  OK  [0m] Reached target Basic System.
         Starting LSB: Record successful boot for GRUB...
         Starting Pollinate to seed the pseudo random number generator...
[[0;32m  OK  [0m] Started Unattended Upgrades Shutdown.
[[0;32m  OK  [0m] Started Deferred execution scheduler.
[[0;32m  OK  [0m] Started D-Bus System Message Bus.
[[0;32m  OK  [0m] Started Snappy daemon.
         Starting Auto import assertions from block devices...
         Starting System Logging Service...
[[0;32m  OK  [0m] Started ACPI event daemon.
         Starting LSB: MD monitoring daemon...
         Starting /etc/rc.local Compatibility...
         Starting LXD - container startup/shutdown...
         Starting Login Service...
[[0;32m  OK  [0m] Started Regular background program processing daemon.
[[0;32m  OK  [0m] Started FUSE filesystem for LXC.
         Starting Accounts Service...
         Starting Apply the settings specified in cloud-config...
[[0;32m  OK  [0m] Started iSCSI initiator daemon (iscsid).
[[0;32m  OK  [0m] Started Auto import assertions from block devices.
[[0;32m  OK  [0m] Started /etc/rc.local Compatibility.
         Starting Login to default iSCSI targets...
[[0;32m  OK  [0m] Started Login Service.
[[0;32m  OK  [0m] Started LSB: Record successful boot for GRUB.
[[0;32m  OK  [0m] Started System Logging Service.
[[0;32m  OK  [0m] Started LSB: MD monitoring daemon.
[[0;32m  OK  [0m] Started Login to default iSCSI targets.
[[0;32m  OK  [0m] Reached target Remote File Systems (Pre).
[[0;32m  OK  [0m] Reached target Remote File Systems.
         Starting LSB: daemon to balance interrupts for SMP systems...
         Starting LSB: VirtualBox Linux Additions...
         Starting LSB: Set the CPU Frequency Scaling governor to "ondemand"...
         Starting LSB: automatic crash report generation...
         Starting Permit User Sessions...
[[0;32m  OK  [0m] Started LSB: Set the CPU Frequency Scaling governor to "ondemand".
[[0;32m  OK  [0m] Started Permit User Sessions.
         Starting Hold until boot process finishes up...
         Starting Terminate Plymouth Boot Screen...
[[0;32m  OK  [0m] Started Hold until boot process finishes up.
[[0;32m  OK  [0m] Started Terminate Plymouth Boot Screen.
         Starting Set console scheme...
[[0;32m  OK  [0m] Started Getty on tty1.
[[0;32m  OK  [0m] Started Serial Getty on ttyS0.
[[0;32m  OK  [0m] Reached target Login Prompts.
[[0;32m  OK  [0m] Started LSB: daemon to balance interrupts for SMP systems.
[[0;32m  OK  [0m] Started Set console scheme.
[[0;32m  OK  [0m] Started LSB: automatic crash report generation.
         Starting Authenticate and Authorize Users to Run Privileged Tasks...
[   37.967739] cloud-init[1117]: Generating locales (this might take a while)...
[[0;32m  OK  [0m] Started Authenticate and Authorize Users to Run Privileged Tasks.
[[0;32m  OK  [0m] Started LSB: VirtualBox Linux Additions.
[[0;32m  OK  [0m] Started Accounts Service.
[[0;32m  OK  [0m] Started LXD - container startup/shutdown.
[[0;32m  OK  [0m] Started Pollinate to seed the pseudo random number generator.
         Starting OpenBSD Secure Shell server...
[[0;32m  OK  [0m] Started OpenBSD Secure Shell server.
[[0;32m  OK  [0m] Reached target Multi-User System.
[[0;32m  OK  [0m] Reached target Graphical Interface.
         Starting Update UTMP about System Runlevel Changes...
[[0;32m  OK  [0m] Started Update UTMP about System Runlevel Changes.
[   40.153394] cloud-init[1117]:   en_US.UTF-8... done
[   40.158522] cloud-init[1117]: Generation complete.
         Stopping OpenBSD Secure Shell server...
[[0;32m  OK  [0m] Stopped OpenBSD Secure Shell server.
         Starting OpenBSD Secure Shell server...
[[0;32m  OK  [0m] Started OpenBSD Secure Shell server.
[[0;32m  OK  [0m] Created slice User Slice of ubuntu.
         Starting User Manager for UID 1000...
[[0;32m  OK  [0m] Started Session 1 of user ubuntu.
[[0;32m  OK  [0m] Started User Manager for UID 1000.
[   42.401666] cloud-init[1117]: Cloud-init v. 0.7.9 running 'modules:config' at Wed, 21 Jun 2017 04:14:33 +0000. Up 36.85 seconds.

Ubuntu 16.04.2 LTS ubuntu-xenial ttyS0

ubuntu-xenial login: ci-info: no authorized ssh keys fingerprints found for user ubuntu.
<14>Jun 21 04:14:39 ec2: 
<14>Jun 21 04:14:39 ec2: #############################################################
<14>Jun 21 04:14:39 ec2: -----BEGIN SSH HOST KEY FINGERPRINTS-----
<14>Jun 21 04:14:39 ec2: 1024 SHA256:Gk72b1h011ExweFXZCFqwOX09iHHtqLF7lebybUrcfg root@ubuntu-xenial (DSA)
<14>Jun 21 04:14:39 ec2: 256 SHA256:yxmezlFmpm6Aw4OXFdzmobFjm4IAMVwCsjo3/c6phKY root@ubuntu-xenial (ECDSA)
<14>Jun 21 04:14:39 ec2: 256 SHA256:X2CEI47GARqG0ECtmooCawJd2aQdEYkkIYskAMlAzno root@ubuntu-xenial (ED25519)
<14>Jun 21 04:14:39 ec2: 2048 SHA256:4plkbyY730NY4FwbLjn9LDbOTi+F09TdEA/zji2ceJ8 root@ubuntu-xenial (RSA)
<14>Jun 21 04:14:39 ec2: -----END SSH HOST KEY FINGERPRINTS-----
<14>Jun 21 04:14:39 ec2: #############################################################
-----BEGIN SSH HOST KEY KEYS-----
ecdsa-sha2-nistp256 AAAAE2VjZHNhLXNoYTItbmlzdHAyNTYAAAAIbmlzdHAyNTYAAABBBM9zaZiS26YEKfT03bPp4GsvsxHT2ZiYPRCGrS+YcGmCduIiAchET9MvzNnGvWHh8gKx9DeEcgmW2+0sCaGh47E= root@ubuntu-xenial
ssh-ed25519 AAAAC3NzaC1lZDI1NTE5AAAAIOFKBrhk1EMnggK7btBMmP3Z6IYx1kGrFu2qgnCHqkdy root@ubuntu-xenial
ssh-rsa AAAAB3NzaC1yc2EAAAADAQABAAABAQDqd9C934R+nd3MzfB9SlOtx3lVhZ+2UvgelR98YwBDXBTpyqNHSt+0k96JnLmEYdFUmUyB7deJ3fn8sSnumQQJpEd9h6Qv0b3rXgLy7MkMcJYD8RQWYvvfiBhGVMKW8uwhHjjg+UDCYj5T8O4WRSk+sLeO9dRGhEaBFJtyUluPiVcW3/ThSHnZEjSawyD/CXGhw8D+o0vmBrIjZQY7ukVYbwEZhLmM4LUAu6ILEj+BJv+lo+liRthDCIuKu3I6h0+rivOTXVqMILF+j1bljzmmvG9JEUr5CUOYzSNF23OdXNbNiQFahMv9SxXukUieXxq2DFuierUXi6MpKn8OaU/v root@ubuntu-xenial
-----END SSH HOST KEY KEYS-----
[   43.703535] cloud-init[1383]: Cloud-init v. 0.7.9 running 'modules:final' at Wed, 21 Jun 2017 04:14:39 +0000. Up 43.29 seconds.
[   43.703973] cloud-init[1383]: ci-info: no authorized ssh keys fingerprints found for user ubuntu.
[   43.704308] cloud-init[1383]: Cloud-init v. 0.7.9 finished at Wed, 21 Jun 2017 04:14:39 +0000. Datasource DataSourceNoCloud [seed=/dev/sdb][dsmode=net].  Up 43.67 seconds
[[0;32m  OK  [0m] Stopped target Timers.
[[0;32m  OK  [0m] Stopped Daily apt         Stopping D-Bus System Message Bus...
         Stopping LSB: VirtualBox Linux Additions...
[[0;32m  OK  [0m] Stopped Daily Cleanup of Temporary Directories.
[[0;32m  OK  [0m] Stopped Apply the settings specified in cloud-config.
[[0;32m  OK  [0m] Stopped target Cloud-config availability.
         Stopping ACPI event daemon...
[[0;32m  OK  [0m] Unmounted /var/lib/lxcfs.
[[0;32m  OK  [0m] Stopped Deferred execution scheduler.
[[0;32m  OK  [0m] Stopped Snappy daemon.
[[0;32m  OK  [0m] Stopped System Logging Service.
[[0;32m  OK  [0m] Stopped ACPI event daemon.
[[0;32m  OK  [0m] Stopped Regular background program processing daemon.
[[0;32m  OK  [0m] Stopped Accounts Service.
[[0;32m  OK  [0m] Stopped Getty on tty1.
[[0;32m  OK  [0m] Stopped Serial Getty on ttyS0.
[[0;32m  OK  [0m] Stopped Authenticate and Authorize Users to Run Privileged Tasks.
[[0;32m  OK  [0m] Stopped OpenBSD Secure Shell server.
[[0;32m  OK  [0m] Stopped User Manager for UID 1000.
[[0;32m  OK  [0m] Stopped Unattended Upgrades Shutdown.
[[0;32m  OK  [0m] Stopped D-Bus System Message Bus.
[[0;32m  OK  [0m] Stopped Session 3 of user ubuntu.
[[0;32m  OK  [0m] Stopped FUSE filesystem for LXC.
[[0;32m  OK  [0m] Stopped LSB: Controls chronyd NTP time daemon.
[[0;32m  OK  [0m] Stopped LXD - container startup/shutdown.
[[0;32m  OK  [0m] Stopped LSB: Set the CPU Frequency Scaling governor to "ondemand".
[[0;32m  OK  [0m] Stopped LSB: daemon to balance interrupts for SMP systems.
[[0;32m  OK  [0m] Stopped LSB: MD monitoring daemon.
[[0;32m  OK  [0m] Stopped LSB: Record successful boot for GRUB.
[[0;32m  OK  [0m] Stopped LSB: automatic crash report generation.
[[0;32m  OK  [0m] Stopped LSB: VirtualBox Linux Additions.
[[0;32m  OK  [0m] Stopped target System Time Synchronized.
[[0;32m  OK  [0m] Removed slice User Slice of ubuntu.
         Stopping Login Service...
[[0;32m  OK  [0m] Removed slice system-serial\x2dgetty.slice.
         Stopping Permit User Sessions...
[[0;32m  OK  [0m] Stopped /etc/rc.local Compatibility.
[[0;32m  OK  [0m] Removed slice system-getty.slice.
[[0;32m  OK  [0m] Stopped Login Service.
[[0;32m  OK  [0m] Stopped Permit User Sessions.
[[0;32m  OK  [0m] Stopped target Remote File Systems.
[[0;32m  OK  [0m] Stopped target Remote File Systems (Pre).
         Stopping Login to default iSCSI targets...
[[0;32m  OK  [0m] Stopped target Basic System.
[[0;32m  OK  [0m] Stopped target Sockets.
[[0;32m  OK  [0m] Closed LXD - unix socket.
[[0;32m  OK  [0m] Closed ACPID Listen Socket.
[[0;32m  OK  [0m] Closed UUID daemon activation socket.
[[0;32m  OK  [0m] Closed Socket activation for snappy daemon.
[[0;32m  OK  [0m] Closed Syslog Socket.
[[0;32m  OK  [0m] Stopped target Paths.
[[0;32m  OK  [0m] Stopped Forward Password Requests to Wall Directory Watch.
[[0;32m  OK  [0m] Stopped Dispatch Password Requests to Console Directory Watch.
[[0;32m  OK  [0m] Stopped ACPI Events Check.
[[0;32m  OK  [0m] Stopped target Slices.
[[0;32m  OK  [0m] Removed slice User and Session Slice.
[[0;32m  OK  [0m] Closed D-Bus System Message Bus Socket.
[[0;32m  OK  [0m] Stopped target System Initialization.
[[0;32m  OK  [0m] Stopped target Encrypted Volumes.
         Stopping Update UTMP about System Boot/Shutdown...
         Stopping Load/Save Random Seed...
[[0;32m  OK  [0m] Stopped Commit a transient machine-id on disk.
[[0;32m  OK  [0m] Stopped target Swap.
[[0;32m  OK  [0m] Stopped target User and Group Name Lookups.
[[0;32m  OK  [0m] Stopped Load/Save Random Seed.
[[0;32m  OK  [0m] Stopped Update UTMP about System Boot/Shutdown.
[[0;32m  OK  [0m] Stopped Login to default iSCSI targets.
         Stopping iSCSI initiator daemon (iscsid)...
[[0;32m  OK  [0m] Stopped Create Volatile Files and Directories.
[[0;32m  OK  [0m] Stopped iSCSI initiator daemon (iscsid).
[[0;32m  OK  [0m] Stopped target Network is Online.
[[0;32m  OK  [0m] Stopped Initial cloud-init job (metadata service crawler).
[[0;32m  OK  [0m] Stopped target Network.
         Stopping Raise network interfaces...
[[0;32m  OK  [0m] Stopped Raise network interfaces.
[[0;32m  OK  [0m] Stopped Apply Kernel Variables.
[[0;32m  OK  [0m] Stopped Load Kernel Modules.
[[0;32m  OK  [0m] Stopped target Network (Pre).
[[0;32m  OK  [0m] Stopped Initial cloud-init job (pre-networking).
[[0;32m  OK  [0m] Stopped target Local File Systems.
         Unmounting /run/user/1000...
[[0;32m  OK  [0m] Unmounted /run/user/1000.
[[0;32m  OK  [0m] Reached target Unmount All Filesystems.
[[0;32m  OK  [0m] Stopped target Local File Systems (Pre).
         Stopping Monitoring of LVM2 mirrors... dmeventd or progress polling...
[[0;32m  OK  [0m] Stopped Remount Root and Kernel File Systems.
[[0;32m  OK  [0m] Stopped Create Static Device Nodes in /dev.
[[0;32m  OK  [0m] Reached target Shutdown.
[ 4576.275232] reboot: Power down
